#
# A fatal error has been detected by the Java Runtime Environment:
#
#  SIGBUS (0xa) at pc=0x0000000109b2d4f0, pid=1650, tid=37647
#
# JRE version: Java(TM) SE Runtime Environment (17.0+35) (build 17+35-LTS-2724)
# Java VM: Java HotSpot(TM) 64-Bit Server VM (17+35-LTS-2724, mixed mode, sharing, tiered, compressed oops, compressed class ptrs, g1 gc, bsd-aarch64)
# Problematic frame:
# v  ~StubRoutines::SafeFetchN
#
# No core dump will be written. Core dumps have been disabled. To enable core dumping, try "ulimit -c unlimited" before starting Java again
#
# If you would like to submit a bug report, please visit:
#   https://bugreport.java.com/bugreport/crash.jsp
# The crash happened outside the Java Virtual Machine in native code.
# See problematic frame for where to report the bug.
#

---------------  S U M M A R Y ------------

Command Line: --module-path=/Users/dmitrijpankratov/Desktop/javafx-sdk-17.0.1/lib --add-modules=javafx.controls --add-modules=javafx.fxml --add-modules=javafx.graphics -javaagent:/Applications/IntelliJ IDEA.app/Contents/lib/idea_rt.jar=49327:/Applications/IntelliJ IDEA.app/Contents/bin -Dfile.encoding=UTF-8 com.App

Host: "MacBookAir10,1" arm64 1 MHz, 8 cores, 8G, Darwin 21.1.0, macOS 12.0.1 (21A559)
Time: Sat Nov  6 05:09:15 2021 MSK elapsed time: 1.158723 seconds (0d 0h 0m 1s)

---------------  T H R E A D  ---------------

Current thread (0x00000001480b3400):  JavaThread "InvokeLaterDispatcher" daemon [_thread_in_native, id=37647, stack(0x0000000172508000,0x000000017270b000)]

Stack: [0x0000000172508000,0x000000017270b000],  sp=0x000000017270a7b0,  free space=2057k
Native frames: (J=compiled Java code, j=interpreted, Vv=VM code, C=native code)
v  ~StubRoutines::SafeFetchN
V  [libjvm.dylib+0x79e870]  OopStorage::release(oopDesc* const*)+0x20
V  [libjvm.dylib+0x4b94ac]  jni_DeleteGlobalRef+0xc4
C  [libglass.dylib+0xab08]  -[GlassRunnable dealloc]+0x34
C  [Foundation+0x85e0c]  -[_NSThreadPerformInfo dealloc]+0x30
C  [Foundation+0x525e8]  -[NSObject(NSThreadPerformAdditions) performSelectorOnMainThread:withObject:waitUntilDone:]+0x88
C  0xcf2e800109b358ac
j  com.sun.glass.ui.mac.MacApplication.submitForLaterInvocation(Ljava/lang/Runnable;)V+2 javafx.graphics
j  com.sun.glass.ui.InvokeLaterDispatcher.run()V+82 javafx.graphics
v  ~StubRoutines::call_stub
V  [libjvm.dylib+0x460b04]  JavaCalls::call_helper(JavaValue*, methodHandle const&, JavaCallArguments*, JavaThread*)+0x38c
V  [libjvm.dylib+0x45fb20]  JavaCalls::call_virtual(JavaValue*, Klass*, Symbol*, Symbol*, JavaCallArguments*, JavaThread*)+0x11c
V  [libjvm.dylib+0x45fbec]  JavaCalls::call_virtual(JavaValue*, Handle, Klass*, Symbol*, Symbol*, JavaThread*)+0x64
V  [libjvm.dylib+0x51346c]  thread_entry(JavaThread*, JavaThread*)+0xc4
V  [libjvm.dylib+0x8fcb74]  JavaThread::thread_main_inner()+0x134
V  [libjvm.dylib+0x8fb49c]  Thread::call_run()+0x128
V  [libjvm.dylib+0x7a5458]  thread_native_entry(Thread*)+0x158
C  [libsystem_pthread.dylib+0x74ec]  _pthread_start+0x94

Java frames: (J=compiled Java code, j=interpreted, Vv=VM code)
j  com.sun.glass.ui.mac.MacApplication._submitForLaterInvocation(Ljava/lang/Runnable;)V+0 javafx.graphics
j  com.sun.glass.ui.mac.MacApplication.submitForLaterInvocation(Ljava/lang/Runnable;)V+2 javafx.graphics
j  com.sun.glass.ui.InvokeLaterDispatcher.run()V+82 javafx.graphics
v  ~StubRoutines::call_stub

siginfo: si_signo: 10 (SIGBUS), si_code: 1 (BUS_ADRALN), si_addr: 0x0000000109b2d4f0

Register to memory mapping:

 x0=0x000000013f104148 is a global jni handle
 x1=0x0 is NULL
 x2=0x0000000787882658 is an oop: com.sun.glass.ui.InvokeLaterDispatcher$Future 
{0x0000000787882658} - klass: 'com/sun/glass/ui/InvokeLaterDispatcher$Future'
 - ---- fields (total size 3 words):
 - private 'done' 'Z' @12  true
 - private final 'runnable' 'Ljava/lang/Runnable;' @16  a 'com/sun/javafx/tk/quantum/QuantumToolkit$$Lambda$94+0x0000000800c38ab8'{0x00000007855486b0} (f0aa90d6)
 - final synthetic 'this$0' 'Lcom/sun/glass/ui/InvokeLaterDispatcher;' @20  a 'com/sun/glass/ui/InvokeLaterDispatcher'{0x000000078550d158} (f0aa1a2b)
 x3=0x0 is NULL
 x4=0x00000000000130a8 is an unknown value
 x5=0x0 is NULL
 x6=0x0 is NULL
 x7=0x0 is NULL
 x8=0x0000000109b2d4ec is at begin+0 in a stub
StubRoutines::SafeFetchN [0x0000000109b2d4ec, 0x0000000109b2d4f8] (12 bytes)
 x9=0x0 is NULL
x10=0x2010000030300000 is an unknown value
x11=0x0000000000000007 is an unknown value
x12=0x0 is NULL
x13=0x0000600001354170 points into unknown readable memory: 0x61007373616c632e | 2e 63 6c 61 73 73 00 61
x14=0x0000000000000001 is an unknown value
x15=0x000000012134df98: OBJC_CLASS_$_GlassRunnable+0 in /Users/dmitrijpankratov/Desktop/javafx-sdk-17.0.1/lib/libglass.dylib at 0x0000000121308000
x16=0x00000001a28ec340: pthread_getspecific+0 in /usr/lib/system/libsystem_pthread.dylib at 0x00000001a28ea000
x17=0x000060000194a8e0 points into unknown readable memory: 0xfffffffffffffffe | fe ff ff ff ff ff ff ff
x18=0x0 is NULL
x19=0x0000600001644540 points into unknown readable memory: 0x0000600003f4d3a0 | a0 d3 f4 03 00 60 00 00
x20=0x000000013f103f40 points into unknown readable memory: 0x2de02de01fdb2248 | 48 22 db 1f e0 2d e0 2d
x21=0x000000013f104148 is a global jni handle
x22=0x00000001480b3400 is a thread
x23=0x0000000000000001 is an unknown value
x24=0x000000013f104100 is a global jni handle
x25=0x000000010205d5d8: _ZN12StubRoutines17_safefetchN_entryE+0 in /Library/Java/JavaVirtualMachines/jdk-17.jdk/Contents/Home/lib/server/libjvm.dylib at 0x00000001014cc000
x26=0x000000011f116808 is pointing into metadata
x27=0x0 is NULL
x28=0x00000001480b3400 is a thread


Registers:
 x0=0x000000013f104148  x1=0x0000000000000000  x2=0x0000000787882658  x3=0x0000000000000000
 x4=0x00000000000130a8  x5=0x0000000000000000  x6=0x0000000000000000  x7=0x0000000000000000
 x8=0x0000000109b2d4ec  x9=0x0000000000000000 x10=0x2010000030300000 x11=0x0000000000000007
x12=0x0000000000000000 x13=0x0000600001354170 x14=0x0000000000000001 x15=0x000000012134df98
x16=0x00000001a28ec340 x17=0x000060000194a8e0 x18=0x0000000000000000 x19=0x0000600001644540
x20=0x000000013f103f40 x21=0x000000013f104148 x22=0x00000001480b3400 x23=0x0000000000000001
x24=0x000000013f104100 x25=0x000000010205d5d8 x26=0x000000011f116808 x27=0x0000000000000000
x28=0x00000001480b3400  fp=0x000000017270a7f0  lr=0x0000000101c69640  sp=0x000000017270a7b0
pc=0x0000000109b2d4f0 cpsr=0x0000000060001000
Top of Stack: (sp=0x000000017270a7b0)
0x000000017270a7b0:   000000011f116808 0000000000000001
0x000000017270a7c0:   000000017270a9a8 0000600003f59bb0
0x000000017270a7d0:   0000000000000000 000000013f104138
0x000000017270a7e0:   000000013f104138 0000600001644540
0x000000017270a7f0:   000000017270a830 0000000101c6a870
0x000000017270a800:   0000000000000001 000000013f104138
0x000000017270a810:   0000000000000000 000000013f104138
0x000000017270a820:   0000000000000001 0000000148122a00
0x000000017270a830:   000000017270a860 00000001019854ac
0x000000017270a840:   0000600003f59bc0 00000001ecb199f4
0x000000017270a850:   0000000000000000 0000600003f59bc0
0x000000017270a860:   000000017270a890 0000000121312b08
0x000000017270a870:   8ee5d90c8dea00e6 0000000000000000
0x000000017270a880:   0000000000000000 00006000028e0840
0x000000017270a890:   000000017270a8d0 00000001a38b4e0c
0x000000017270a8a0:   000000017270a9a8 0000600003f59bb0
0x000000017270a8b0:   0000600003f59bc0 8ee5d90c8dea00e6
0x000000017270a8c0:   0000000000000000 0000000000000000
0x000000017270a8d0:   000000017270a910 710f0001a38815e8
0x000000017270a8e0:   000000017270a9a8 0000000109b347c0
0x000000017270a8f0:   0000000000000000 0000000102064f90
0x000000017270a900:   000000017270a920 0000000109b33730
0x000000017270a910:   000000017270a980 cf2e800109b358ac
0x000000017270a920:   000000017270a920 0000000800981595
0x000000017270a930:   000000017270a930 0000000000000000
0x000000017270a940:   000000017270a9a8 000000011f116808
0x000000017270a950:   0000000785516a88 0000000000000000
0x000000017270a960:   0000000000000000 000000011f0f3138
0x000000017270a970:   0000000000000000 000000017270a980
0x000000017270a980:   000000017270aa00 0000000109b31fc8
0x000000017270a990:   0000000000000000 0000000000000000
0x000000017270a9a0:   0000000787882658 0000000785516b00 

Instructions: (pc=0x0000000109b2d4f0)
0x0000000109b2d3f0:   f2a04049 f2c00029 6d425935 1e640886
0x0000000109b2d400:   0c402d31 1e6408c7 1f5654d0 1e6c1017
0x0000000109b2d410:   1f5050d0 1f504cd0 1f5048d0 1e650af6
0x0000000109b2d420:   1f50d8f6 1f5694d6 1f5158f6 1e762880
0x0000000109b2d430:   36000501 1e614000 14000026 2e251ca5
0x0000000109b2d440:   d2943009 f2a04049 f2c00029 6d425d36
0x0000000109b2d450:   1e600806 0c402d32 1f5758c7 1e6c101a
0x0000000109b2d460:   1f4754c7 1e650805 1f4750c7 d2866668
0x0000000109b2d470:   f2a7fa68 1f474cc7 1e6608c0 1f4748c7
0x0000000109b2d480:   1e6e1019 eb08007f 540000ac 1f479400
0x0000000109b2d490:   1f460340 1e603b20 1400000e d2a7fd29
0x0000000109b2d4a0:   eb09007f 540000ac 51480069 d3607d29
0x0000000109b2d4b0:   9e670121 14000002 1e6a5001 1f679417
0x0000000109b2d4c0:   1f668742 1e613b23 1e773857 1e773860
0x0000000109b2d4d0:   a8c17ff3 910003bf a8c17bfd d65f03c0
0x0000000109b2d4e0:   b9400001 aa0103e0 d65f03c0 f9400001
0x0000000109b2d4f0:   aa0103e0 d65f03c0 00000000 00000000
0x0000000109b2d500:   00000000 00000000 00000000 00000000
0x0000000109b2d510:   00000000 00000000 00000000 00000000
0x0000000109b2d520:   00000000 00000000 00000000 00000000
0x0000000109b2d530:   00000000 00000000 00000000 00000000
0x0000000109b2d540:   00000000 00000000 00000000 00000000
0x0000000109b2d550:   00000000 00000000 00000000 00000000
0x0000000109b2d560:   00000000 00000000 00000000 00000000
0x0000000109b2d570:   00000000 00000000 00000000 00000000
0x0000000109b2d580:   00000000 00000000 00000000 00000000
0x0000000109b2d590:   00000000 00000000 00000000 00000000
0x0000000109b2d5a0:   00000000 00000000 00000000 00000000
0x0000000109b2d5b0:   00000000 00000000 00000000 00000000
0x0000000109b2d5c0:   00000000 00000000 00000000 00000000
0x0000000109b2d5d0:   00000000 00000000 00000000 00000000
0x0000000109b2d5e0:   00000000 00000000 00000000 00000000 


Stack slot to memory mapping:
stack at sp + 0 slots: 0x000000011f116808 is pointing into metadata
stack at sp + 1 slots: 0x0000000000000001 is an unknown value
stack at sp + 2 slots: 0x000000017270a9a8 is pointing into the stack for thread: 0x00000001480b3400
stack at sp + 3 slots: 0x0000600003f59bb0 points into unknown readable memory: 0x01000001fb5ce081 | 81 e0 5c fb 01 00 00 01
stack at sp + 4 slots: 0x0 is NULL
stack at sp + 5 slots: 0x000000013f104138 is a global jni handle
stack at sp + 6 slots: 0x000000013f104138 is a global jni handle
stack at sp + 7 slots: 0x0000600001644540 points into unknown readable memory: 0x0000600003f4d3a0 | a0 d3 f4 03 00 60 00 00

StubRoutines::SafeFetchN [0x0000000109b2d4ec, 0x0000000109b2d4f8] (12 bytes)
[MachCode]
  0x0000000109b2d4ec: 0100 40f9 | e003 01aa | c003 5fd6 
[/MachCode]

---------------  P R O C E S S  ---------------

Threads class SMR info:
_java_thread_list=0x0000600003db28a0, length=22, elements={
0x0000000148008a00, 0x00000001480baa00, 0x000000013e80aa00, 0x000000013f809800,
0x000000013f808c00, 0x00000001480bd200, 0x000000013f809200, 0x00000001480bd800,
0x00000001480c5e00, 0x000000013e80ba00, 0x000000013e014400, 0x000000013e022400,
0x000000013e86be00, 0x00000001480b3400, 0x0000000148122a00, 0x000000013f8ae600,
0x000000013e930200, 0x000000013e938800, 0x000000013e97ea00, 0x0000000148336c00,
0x000000013e554a00, 0x000000013e932000
}

Java Threads: ( => current thread )
  0x0000000148008a00 JavaThread "main" [_thread_blocked, id=6147, stack(0x000000016fb00000,0x000000016fd03000)]
  0x00000001480baa00 JavaThread "Reference Handler" daemon [_thread_blocked, id=14851, stack(0x0000000170954000,0x0000000170b57000)]
  0x000000013e80aa00 JavaThread "Finalizer" daemon [_thread_blocked, id=15107, stack(0x0000000170b60000,0x0000000170d63000)]
  0x000000013f809800 JavaThread "Signal Dispatcher" daemon [_thread_blocked, id=42755, stack(0x0000000170e84000,0x0000000171087000)]
  0x000000013f808c00 JavaThread "Service Thread" daemon [_thread_blocked, id=23555, stack(0x0000000171090000,0x0000000171293000)]
  0x00000001480bd200 JavaThread "Monitor Deflation Thread" daemon [_thread_blocked, id=42243, stack(0x000000017129c000,0x000000017149f000)]
  0x000000013f809200 JavaThread "C2 CompilerThread0" daemon [_thread_in_native, id=24067, stack(0x00000001714a8000,0x00000001716ab000)]
  0x00000001480bd800 JavaThread "C1 CompilerThread0" daemon [_thread_blocked, id=24579, stack(0x00000001716b4000,0x00000001718b7000)]
  0x00000001480c5e00 JavaThread "Sweeper thread" daemon [_thread_blocked, id=25091, stack(0x00000001718c0000,0x0000000171ac3000)]
  0x000000013e80ba00 JavaThread "Common-Cleaner" daemon [_thread_blocked, id=25347, stack(0x0000000171acc000,0x0000000171ccf000)]
  0x000000013e014400 JavaThread "Monitor Ctrl-Break" daemon [_thread_in_native, id=41731, stack(0x0000000171cd8000,0x0000000171edb000)]
  0x000000013e022400 JavaThread "Notification Thread" daemon [_thread_blocked, id=26115, stack(0x0000000171ee4000,0x00000001720e7000)]
  0x000000013e86be00 JavaThread "QuantumRenderer-0" daemon [_thread_blocked, id=41219, stack(0x00000001722fc000,0x00000001724ff000)]
=>0x00000001480b3400 JavaThread "InvokeLaterDispatcher" daemon [_thread_in_native, id=37647, stack(0x0000000172508000,0x000000017270b000)]
  0x0000000148122a00 JavaThread "JavaFX Application Thread" [_thread_in_vm, id=259, stack(0x000000016f278000,0x000000016fa74000)]
  0x000000013f8ae600 JavaThread "JavaFX-Launcher" [_thread_blocked, id=56323, stack(0x00000001729ac000,0x0000000172baf000)]
  0x000000013e930200 JavaThread "PulseTimer-CVDisplayLink thread" daemon [_thread_in_native, id=79619, stack(0x0000000172714000,0x0000000172797000)]
  0x000000013e938800 JavaThread "Thread-4" daemon [_thread_blocked, id=57859, stack(0x00000001735f4000,0x00000001737f7000)]
  0x000000013e97ea00 JavaThread "nioEventLoopGroup-2-1" [_thread_in_native, id=72995, stack(0x0000000173800000,0x0000000173a03000)]
  0x0000000148336c00 JavaThread "Prism Font Disposer" daemon [_thread_blocked, id=60407, stack(0x0000000173a0c000,0x0000000173c0f000)]
  0x000000013e554a00 JavaThread "Cleaner-0" daemon [_thread_blocked, id=58375, stack(0x0000000174978000,0x0000000174b7b000)]
  0x000000013e932000 JavaThread "Attach Listener" daemon [_thread_blocked, id=173107, stack(0x0000000174b84000,0x0000000174d87000)]

Other Threads:
  0x000000013f00d7c0 VMThread "VM Thread" [stack: 0x0000000170748000,0x000000017094b000] [id=16387]
  0x000000013f010af0 WatcherThread [stack: 0x00000001720f0000,0x00000001722f3000] [id=26627]
  0x000000013f006640 GCTaskThread "GC Thread#0" [stack: 0x000000016fd0c000,0x000000016ff0f000] [id=19971]
  0x000000013f1387d0 GCTaskThread "GC Thread#1" [stack: 0x0000000172bb8000,0x0000000172dbb000] [id=76035]
  0x000000013f138e70 GCTaskThread "GC Thread#2" [stack: 0x0000000172dc4000,0x0000000172fc7000] [id=56835]
  0x000000013f1396e0 GCTaskThread "GC Thread#3" [stack: 0x0000000172fd0000,0x00000001731d3000] [id=75267]
  0x000000012f005640 GCTaskThread "GC Thread#4" [stack: 0x00000001731dc000,0x00000001733df000] [id=75011]
  0x000000012f005ac0 GCTaskThread "GC Thread#5" [stack: 0x00000001733e8000,0x00000001735eb000] [id=57603]
  0x000000013df40cb0 GCTaskThread "GC Thread#6" [stack: 0x0000000173c18000,0x0000000173e1b000] [id=72195]
  0x000000013df41130 GCTaskThread "GC Thread#7" [stack: 0x0000000173e24000,0x0000000174027000] [id=71683]
  0x000000013f006cf0 ConcurrentGCThread "G1 Main Marker" [stack: 0x000000016ff18000,0x000000017011b000] [id=19459]
  0x000000013f007570 ConcurrentGCThread "G1 Conc#0" [stack: 0x0000000170124000,0x0000000170327000] [id=18435]
  0x000000013f0093e0 ConcurrentGCThread "G1 Refine#0" [stack: 0x0000000170330000,0x0000000170533000] [id=17923]
  0x000000013f14ce20 ConcurrentGCThread "G1 Refine#1" [stack: 0x0000000174030000,0x0000000174233000] [id=61187]
  0x000000012f0068a0 ConcurrentGCThread "G1 Refine#2" [stack: 0x000000017423c000,0x000000017443f000] [id=61699]
  0x000000012f106360 ConcurrentGCThread "G1 Refine#3" [stack: 0x0000000174448000,0x000000017464b000] [id=62467]
  0x000000012f0076b0 ConcurrentGCThread "G1 Refine#4" [stack: 0x0000000174654000,0x0000000174857000] [id=70659]
  0x000000013f009c80 ConcurrentGCThread "G1 Service" [stack: 0x000000017053c000,0x000000017073f000] [id=13059]

Threads with active compile tasks:
C2 CompilerThread0     1176 2475       4       java.lang.StringBuilder::append (8 bytes)

VM state: not at safepoint (normal execution)

VM Mutex/Monitor currently owned by a thread: None

Heap address: 0x0000000780000000, size: 2048 MB, Compressed Oops mode: Zero based, Oop shift amount: 3

CDS archive(s) mapped at: [0x0000000800000000-0x0000000800bd0000-0x0000000800bd0000), size 12386304, SharedBaseAddress: 0x0000000800000000, ArchiveRelocationMode: 0.
Compressed class space mapped at: 0x0000000800c00000-0x0000000840c00000, reserved size: 1073741824
Narrow klass base: 0x0000000800000000, Narrow klass shift: 0, Narrow klass range: 0x100000000

GC Precious Log:
 CPUs: 8 total, 8 available
 Memory: 8192M
 Large Page Support: Disabled
 NUMA Support: Disabled
 Compressed Oops: Enabled (Zero based)
 Heap Region Size: 1M
 Heap Min Capacity: 8M
 Heap Initial Capacity: 128M
 Heap Max Capacity: 2G
 Pre-touch: Disabled
 Parallel Workers: 8
 Concurrent Workers: 2
 Concurrent Refinement Workers: 8
 Periodic GC: Disabled

Heap:
 garbage-first heap   total 133120K, used 27404K [0x0000000780000000, 0x0000000800000000)
  region size 1024K, 22 young (22528K), 6 survivors (6144K)
 Metaspace       used 20191K, committed 20480K, reserved 1073152K
  class space    used 3036K, committed 3136K, reserved 1048576K

Heap Regions: E=young(eden), S=young(survivor), O=old, HS=humongous(starts), HC=humongous(continues), CS=collection set, F=free, OA=open archive, CA=closed archive, TAMS=top-at-mark-start (previous, next)
|   0|0x0000000780000000, 0x0000000780100000, 0x0000000780100000|100%| O|  |TAMS 0x0000000780000000, 0x0000000780000000| Untracked 
|   1|0x0000000780100000, 0x0000000780200000, 0x0000000780200000|100%| O|  |TAMS 0x0000000780100000, 0x0000000780100000| Untracked 
|   2|0x0000000780200000, 0x00000007802cb200, 0x0000000780300000| 79%| O|  |TAMS 0x0000000780200000, 0x0000000780200000| Untracked 
|   3|0x0000000780300000, 0x0000000780400000, 0x0000000780400000|100%|HS|  |TAMS 0x0000000780300000, 0x0000000780300000| Complete 
|   4|0x0000000780400000, 0x0000000780500000, 0x0000000780500000|100%|HC|  |TAMS 0x0000000780400000, 0x0000000780400000| Complete 
|   5|0x0000000780500000, 0x0000000780500000, 0x0000000780600000|  0%| F|  |TAMS 0x0000000780500000, 0x0000000780500000| Untracked 
|   6|0x0000000780600000, 0x0000000780600000, 0x0000000780700000|  0%| F|  |TAMS 0x0000000780600000, 0x0000000780600000| Untracked 
|   7|0x0000000780700000, 0x0000000780700000, 0x0000000780800000|  0%| F|  |TAMS 0x0000000780700000, 0x0000000780700000| Untracked 
|   8|0x0000000780800000, 0x0000000780800000, 0x0000000780900000|  0%| F|  |TAMS 0x0000000780800000, 0x0000000780800000| Untracked 
|   9|0x0000000780900000, 0x0000000780900000, 0x0000000780a00000|  0%| F|  |TAMS 0x0000000780900000, 0x0000000780900000| Untracked 
|  10|0x0000000780a00000, 0x0000000780a00000, 0x0000000780b00000|  0%| F|  |TAMS 0x0000000780a00000, 0x0000000780a00000| Untracked 
|  11|0x0000000780b00000, 0x0000000780b00000, 0x0000000780c00000|  0%| F|  |TAMS 0x0000000780b00000, 0x0000000780b00000| Untracked 
|  12|0x0000000780c00000, 0x0000000780c00000, 0x0000000780d00000|  0%| F|  |TAMS 0x0000000780c00000, 0x0000000780c00000| Untracked 
|  13|0x0000000780d00000, 0x0000000780d00000, 0x0000000780e00000|  0%| F|  |TAMS 0x0000000780d00000, 0x0000000780d00000| Untracked 
|  14|0x0000000780e00000, 0x0000000780e00000, 0x0000000780f00000|  0%| F|  |TAMS 0x0000000780e00000, 0x0000000780e00000| Untracked 
|  15|0x0000000780f00000, 0x0000000780f00000, 0x0000000781000000|  0%| F|  |TAMS 0x0000000780f00000, 0x0000000780f00000| Untracked 
|  16|0x0000000781000000, 0x0000000781000000, 0x0000000781100000|  0%| F|  |TAMS 0x0000000781000000, 0x0000000781000000| Untracked 
|  17|0x0000000781100000, 0x0000000781100000, 0x0000000781200000|  0%| F|  |TAMS 0x0000000781100000, 0x0000000781100000| Untracked 
|  18|0x0000000781200000, 0x0000000781200000, 0x0000000781300000|  0%| F|  |TAMS 0x0000000781200000, 0x0000000781200000| Untracked 
|  19|0x0000000781300000, 0x0000000781300000, 0x0000000781400000|  0%| F|  |TAMS 0x0000000781300000, 0x0000000781300000| Untracked 
|  20|0x0000000781400000, 0x0000000781400000, 0x0000000781500000|  0%| F|  |TAMS 0x0000000781400000, 0x0000000781400000| Untracked 
|  21|0x0000000781500000, 0x0000000781500000, 0x0000000781600000|  0%| F|  |TAMS 0x0000000781500000, 0x0000000781500000| Untracked 
|  22|0x0000000781600000, 0x0000000781600000, 0x0000000781700000|  0%| F|  |TAMS 0x0000000781600000, 0x0000000781600000| Untracked 
|  23|0x0000000781700000, 0x0000000781700000, 0x0000000781800000|  0%| F|  |TAMS 0x0000000781700000, 0x0000000781700000| Untracked 
|  24|0x0000000781800000, 0x0000000781800000, 0x0000000781900000|  0%| F|  |TAMS 0x0000000781800000, 0x0000000781800000| Untracked 
|  25|0x0000000781900000, 0x0000000781900000, 0x0000000781a00000|  0%| F|  |TAMS 0x0000000781900000, 0x0000000781900000| Untracked 
|  26|0x0000000781a00000, 0x0000000781a00000, 0x0000000781b00000|  0%| F|  |TAMS 0x0000000781a00000, 0x0000000781a00000| Untracked 
|  27|0x0000000781b00000, 0x0000000781b00000, 0x0000000781c00000|  0%| F|  |TAMS 0x0000000781b00000, 0x0000000781b00000| Untracked 
|  28|0x0000000781c00000, 0x0000000781c00000, 0x0000000781d00000|  0%| F|  |TAMS 0x0000000781c00000, 0x0000000781c00000| Untracked 
|  29|0x0000000781d00000, 0x0000000781d00000, 0x0000000781e00000|  0%| F|  |TAMS 0x0000000781d00000, 0x0000000781d00000| Untracked 
|  30|0x0000000781e00000, 0x0000000781e00000, 0x0000000781f00000|  0%| F|  |TAMS 0x0000000781e00000, 0x0000000781e00000| Untracked 
|  31|0x0000000781f00000, 0x0000000781f00000, 0x0000000782000000|  0%| F|  |TAMS 0x0000000781f00000, 0x0000000781f00000| Untracked 
|  32|0x0000000782000000, 0x0000000782000000, 0x0000000782100000|  0%| F|  |TAMS 0x0000000782000000, 0x0000000782000000| Untracked 
|  33|0x0000000782100000, 0x0000000782100000, 0x0000000782200000|  0%| F|  |TAMS 0x0000000782100000, 0x0000000782100000| Untracked 
|  34|0x0000000782200000, 0x0000000782200000, 0x0000000782300000|  0%| F|  |TAMS 0x0000000782200000, 0x0000000782200000| Untracked 
|  35|0x0000000782300000, 0x0000000782300000, 0x0000000782400000|  0%| F|  |TAMS 0x0000000782300000, 0x0000000782300000| Untracked 
|  36|0x0000000782400000, 0x0000000782400000, 0x0000000782500000|  0%| F|  |TAMS 0x0000000782400000, 0x0000000782400000| Untracked 
|  37|0x0000000782500000, 0x0000000782500000, 0x0000000782600000|  0%| F|  |TAMS 0x0000000782500000, 0x0000000782500000| Untracked 
|  38|0x0000000782600000, 0x0000000782600000, 0x0000000782700000|  0%| F|  |TAMS 0x0000000782600000, 0x0000000782600000| Untracked 
|  39|0x0000000782700000, 0x0000000782700000, 0x0000000782800000|  0%| F|  |TAMS 0x0000000782700000, 0x0000000782700000| Untracked 
|  40|0x0000000782800000, 0x0000000782800000, 0x0000000782900000|  0%| F|  |TAMS 0x0000000782800000, 0x0000000782800000| Untracked 
|  41|0x0000000782900000, 0x0000000782900000, 0x0000000782a00000|  0%| F|  |TAMS 0x0000000782900000, 0x0000000782900000| Untracked 
|  42|0x0000000782a00000, 0x0000000782a00000, 0x0000000782b00000|  0%| F|  |TAMS 0x0000000782a00000, 0x0000000782a00000| Untracked 
|  43|0x0000000782b00000, 0x0000000782b00000, 0x0000000782c00000|  0%| F|  |TAMS 0x0000000782b00000, 0x0000000782b00000| Untracked 
|  44|0x0000000782c00000, 0x0000000782c00000, 0x0000000782d00000|  0%| F|  |TAMS 0x0000000782c00000, 0x0000000782c00000| Untracked 
|  45|0x0000000782d00000, 0x0000000782d00000, 0x0000000782e00000|  0%| F|  |TAMS 0x0000000782d00000, 0x0000000782d00000| Untracked 
|  46|0x0000000782e00000, 0x0000000782e00000, 0x0000000782f00000|  0%| F|  |TAMS 0x0000000782e00000, 0x0000000782e00000| Untracked 
|  47|0x0000000782f00000, 0x0000000782f00000, 0x0000000783000000|  0%| F|  |TAMS 0x0000000782f00000, 0x0000000782f00000| Untracked 
|  48|0x0000000783000000, 0x0000000783000000, 0x0000000783100000|  0%| F|  |TAMS 0x0000000783000000, 0x0000000783000000| Untracked 
|  49|0x0000000783100000, 0x0000000783100000, 0x0000000783200000|  0%| F|  |TAMS 0x0000000783100000, 0x0000000783100000| Untracked 
|  50|0x0000000783200000, 0x0000000783200000, 0x0000000783300000|  0%| F|  |TAMS 0x0000000783200000, 0x0000000783200000| Untracked 
|  51|0x0000000783300000, 0x0000000783300000, 0x0000000783400000|  0%| F|  |TAMS 0x0000000783300000, 0x0000000783300000| Untracked 
|  52|0x0000000783400000, 0x0000000783400000, 0x0000000783500000|  0%| F|  |TAMS 0x0000000783400000, 0x0000000783400000| Untracked 
|  53|0x0000000783500000, 0x0000000783500000, 0x0000000783600000|  0%| F|  |TAMS 0x0000000783500000, 0x0000000783500000| Untracked 
|  54|0x0000000783600000, 0x0000000783600000, 0x0000000783700000|  0%| F|  |TAMS 0x0000000783600000, 0x0000000783600000| Untracked 
|  55|0x0000000783700000, 0x0000000783700000, 0x0000000783800000|  0%| F|  |TAMS 0x0000000783700000, 0x0000000783700000| Untracked 
|  56|0x0000000783800000, 0x0000000783800000, 0x0000000783900000|  0%| F|  |TAMS 0x0000000783800000, 0x0000000783800000| Untracked 
|  57|0x0000000783900000, 0x0000000783900000, 0x0000000783a00000|  0%| F|  |TAMS 0x0000000783900000, 0x0000000783900000| Untracked 
|  58|0x0000000783a00000, 0x0000000783a00000, 0x0000000783b00000|  0%| F|  |TAMS 0x0000000783a00000, 0x0000000783a00000| Untracked 
|  59|0x0000000783b00000, 0x0000000783b00000, 0x0000000783c00000|  0%| F|  |TAMS 0x0000000783b00000, 0x0000000783b00000| Untracked 
|  60|0x0000000783c00000, 0x0000000783c00000, 0x0000000783d00000|  0%| F|  |TAMS 0x0000000783c00000, 0x0000000783c00000| Untracked 
|  61|0x0000000783d00000, 0x0000000783d00000, 0x0000000783e00000|  0%| F|  |TAMS 0x0000000783d00000, 0x0000000783d00000| Untracked 
|  62|0x0000000783e00000, 0x0000000783e00000, 0x0000000783f00000|  0%| F|  |TAMS 0x0000000783e00000, 0x0000000783e00000| Untracked 
|  63|0x0000000783f00000, 0x0000000783f00000, 0x0000000784000000|  0%| F|  |TAMS 0x0000000783f00000, 0x0000000783f00000| Untracked 
|  64|0x0000000784000000, 0x0000000784000000, 0x0000000784100000|  0%| F|  |TAMS 0x0000000784000000, 0x0000000784000000| Untracked 
|  65|0x0000000784100000, 0x0000000784100000, 0x0000000784200000|  0%| F|  |TAMS 0x0000000784100000, 0x0000000784100000| Untracked 
|  66|0x0000000784200000, 0x0000000784200000, 0x0000000784300000|  0%| F|  |TAMS 0x0000000784200000, 0x0000000784200000| Untracked 
|  67|0x0000000784300000, 0x0000000784300000, 0x0000000784400000|  0%| F|  |TAMS 0x0000000784300000, 0x0000000784300000| Untracked 
|  68|0x0000000784400000, 0x0000000784400000, 0x0000000784500000|  0%| F|  |TAMS 0x0000000784400000, 0x0000000784400000| Untracked 
|  69|0x0000000784500000, 0x0000000784500000, 0x0000000784600000|  0%| F|  |TAMS 0x0000000784500000, 0x0000000784500000| Untracked 
|  70|0x0000000784600000, 0x0000000784600000, 0x0000000784700000|  0%| F|  |TAMS 0x0000000784600000, 0x0000000784600000| Untracked 
|  71|0x0000000784700000, 0x0000000784700000, 0x0000000784800000|  0%| F|  |TAMS 0x0000000784700000, 0x0000000784700000| Untracked 
|  72|0x0000000784800000, 0x0000000784800000, 0x0000000784900000|  0%| F|  |TAMS 0x0000000784800000, 0x0000000784800000| Untracked 
|  73|0x0000000784900000, 0x0000000784900000, 0x0000000784a00000|  0%| F|  |TAMS 0x0000000784900000, 0x0000000784900000| Untracked 
|  74|0x0000000784a00000, 0x0000000784a00000, 0x0000000784b00000|  0%| F|  |TAMS 0x0000000784a00000, 0x0000000784a00000| Untracked 
|  75|0x0000000784b00000, 0x0000000784b00000, 0x0000000784c00000|  0%| F|  |TAMS 0x0000000784b00000, 0x0000000784b00000| Untracked 
|  76|0x0000000784c00000, 0x0000000784c00000, 0x0000000784d00000|  0%| F|  |TAMS 0x0000000784c00000, 0x0000000784c00000| Untracked 
|  77|0x0000000784d00000, 0x0000000784d00000, 0x0000000784e00000|  0%| F|  |TAMS 0x0000000784d00000, 0x0000000784d00000| Untracked 
|  78|0x0000000784e00000, 0x0000000784e00000, 0x0000000784f00000|  0%| F|  |TAMS 0x0000000784e00000, 0x0000000784e00000| Untracked 
|  79|0x0000000784f00000, 0x0000000784f00000, 0x0000000785000000|  0%| F|  |TAMS 0x0000000784f00000, 0x0000000784f00000| Untracked 
|  80|0x0000000785000000, 0x0000000785100000, 0x0000000785100000|100%| S|CS|TAMS 0x0000000785000000, 0x0000000785000000| Complete 
|  81|0x0000000785100000, 0x0000000785200000, 0x0000000785200000|100%| S|CS|TAMS 0x0000000785100000, 0x0000000785100000| Complete 
|  82|0x0000000785200000, 0x0000000785300000, 0x0000000785300000|100%| S|CS|TAMS 0x0000000785200000, 0x0000000785200000| Complete 
|  83|0x0000000785300000, 0x0000000785400000, 0x0000000785400000|100%| S|CS|TAMS 0x0000000785300000, 0x0000000785300000| Complete 
|  84|0x0000000785400000, 0x0000000785500000, 0x0000000785500000|100%| S|CS|TAMS 0x0000000785400000, 0x0000000785400000| Complete 
|  85|0x0000000785500000, 0x0000000785600000, 0x0000000785600000|100%| S|CS|TAMS 0x0000000785500000, 0x0000000785500000| Complete 
|  86|0x0000000785600000, 0x0000000785600000, 0x0000000785700000|  0%| F|  |TAMS 0x0000000785600000, 0x0000000785600000| Untracked 
|  87|0x0000000785700000, 0x0000000785700000, 0x0000000785800000|  0%| F|  |TAMS 0x0000000785700000, 0x0000000785700000| Untracked 
|  88|0x0000000785800000, 0x0000000785800000, 0x0000000785900000|  0%| F|  |TAMS 0x0000000785800000, 0x0000000785800000| Untracked 
|  89|0x0000000785900000, 0x0000000785900000, 0x0000000785a00000|  0%| F|  |TAMS 0x0000000785900000, 0x0000000785900000| Untracked 
|  90|0x0000000785a00000, 0x0000000785a00000, 0x0000000785b00000|  0%| F|  |TAMS 0x0000000785a00000, 0x0000000785a00000| Untracked 
|  91|0x0000000785b00000, 0x0000000785b00000, 0x0000000785c00000|  0%| F|  |TAMS 0x0000000785b00000, 0x0000000785b00000| Untracked 
|  92|0x0000000785c00000, 0x0000000785c00000, 0x0000000785d00000|  0%| F|  |TAMS 0x0000000785c00000, 0x0000000785c00000| Untracked 
|  93|0x0000000785d00000, 0x0000000785d00000, 0x0000000785e00000|  0%| F|  |TAMS 0x0000000785d00000, 0x0000000785d00000| Untracked 
|  94|0x0000000785e00000, 0x0000000785e00000, 0x0000000785f00000|  0%| F|  |TAMS 0x0000000785e00000, 0x0000000785e00000| Untracked 
|  95|0x0000000785f00000, 0x0000000785f00000, 0x0000000786000000|  0%| F|  |TAMS 0x0000000785f00000, 0x0000000785f00000| Untracked 
|  96|0x0000000786000000, 0x0000000786000000, 0x0000000786100000|  0%| F|  |TAMS 0x0000000786000000, 0x0000000786000000| Untracked 
|  97|0x0000000786100000, 0x0000000786100000, 0x0000000786200000|  0%| F|  |TAMS 0x0000000786100000, 0x0000000786100000| Untracked 
|  98|0x0000000786200000, 0x0000000786200000, 0x0000000786300000|  0%| F|  |TAMS 0x0000000786200000, 0x0000000786200000| Untracked 
|  99|0x0000000786300000, 0x0000000786300000, 0x0000000786400000|  0%| F|  |TAMS 0x0000000786300000, 0x0000000786300000| Untracked 
| 100|0x0000000786400000, 0x0000000786400000, 0x0000000786500000|  0%| F|  |TAMS 0x0000000786400000, 0x0000000786400000| Untracked 
| 101|0x0000000786500000, 0x0000000786500000, 0x0000000786600000|  0%| F|  |TAMS 0x0000000786500000, 0x0000000786500000| Untracked 
| 102|0x0000000786600000, 0x0000000786600000, 0x0000000786700000|  0%| F|  |TAMS 0x0000000786600000, 0x0000000786600000| Untracked 
| 103|0x0000000786700000, 0x0000000786700000, 0x0000000786800000|  0%| F|  |TAMS 0x0000000786700000, 0x0000000786700000| Untracked 
| 104|0x0000000786800000, 0x0000000786800000, 0x0000000786900000|  0%| F|  |TAMS 0x0000000786800000, 0x0000000786800000| Untracked 
| 105|0x0000000786900000, 0x0000000786900000, 0x0000000786a00000|  0%| F|  |TAMS 0x0000000786900000, 0x0000000786900000| Untracked 
| 106|0x0000000786a00000, 0x0000000786a00000, 0x0000000786b00000|  0%| F|  |TAMS 0x0000000786a00000, 0x0000000786a00000| Untracked 
| 107|0x0000000786b00000, 0x0000000786b00000, 0x0000000786c00000|  0%| F|  |TAMS 0x0000000786b00000, 0x0000000786b00000| Untracked 
| 108|0x0000000786c00000, 0x0000000786c00000, 0x0000000786d00000|  0%| F|  |TAMS 0x0000000786c00000, 0x0000000786c00000| Untracked 
| 109|0x0000000786d00000, 0x0000000786d00000, 0x0000000786e00000|  0%| F|  |TAMS 0x0000000786d00000, 0x0000000786d00000| Untracked 
| 110|0x0000000786e00000, 0x0000000786e00000, 0x0000000786f00000|  0%| F|  |TAMS 0x0000000786e00000, 0x0000000786e00000| Untracked 
| 111|0x0000000786f00000, 0x0000000786f00000, 0x0000000787000000|  0%| F|  |TAMS 0x0000000786f00000, 0x0000000786f00000| Untracked 
| 112|0x0000000787000000, 0x00000007870d7960, 0x0000000787100000| 84%| E|  |TAMS 0x0000000787000000, 0x0000000787000000| Complete 
| 113|0x0000000787100000, 0x0000000787200000, 0x0000000787200000|100%| E|CS|TAMS 0x0000000787100000, 0x0000000787100000| Complete 
| 114|0x0000000787200000, 0x0000000787300000, 0x0000000787300000|100%| E|CS|TAMS 0x0000000787200000, 0x0000000787200000| Complete 
| 115|0x0000000787300000, 0x0000000787400000, 0x0000000787400000|100%| E|CS|TAMS 0x0000000787300000, 0x0000000787300000| Complete 
| 116|0x0000000787400000, 0x0000000787500000, 0x0000000787500000|100%| E|CS|TAMS 0x0000000787400000, 0x0000000787400000| Complete 
| 117|0x0000000787500000, 0x0000000787600000, 0x0000000787600000|100%| E|CS|TAMS 0x0000000787500000, 0x0000000787500000| Complete 
| 118|0x0000000787600000, 0x0000000787700000, 0x0000000787700000|100%| E|CS|TAMS 0x0000000787600000, 0x0000000787600000| Complete 
| 119|0x0000000787700000, 0x0000000787800000, 0x0000000787800000|100%| E|CS|TAMS 0x0000000787700000, 0x0000000787700000| Complete 
| 120|0x0000000787800000, 0x0000000787900000, 0x0000000787900000|100%| E|CS|TAMS 0x0000000787800000, 0x0000000787800000| Complete 
| 121|0x0000000787900000, 0x0000000787a00000, 0x0000000787a00000|100%| E|CS|TAMS 0x0000000787900000, 0x0000000787900000| Complete 
| 122|0x0000000787a00000, 0x0000000787b00000, 0x0000000787b00000|100%| E|CS|TAMS 0x0000000787a00000, 0x0000000787a00000| Complete 
| 123|0x0000000787b00000, 0x0000000787c00000, 0x0000000787c00000|100%| E|CS|TAMS 0x0000000787b00000, 0x0000000787b00000| Complete 
| 124|0x0000000787c00000, 0x0000000787d00000, 0x0000000787d00000|100%| E|CS|TAMS 0x0000000787c00000, 0x0000000787c00000| Complete 
| 125|0x0000000787d00000, 0x0000000787e00000, 0x0000000787e00000|100%| E|CS|TAMS 0x0000000787d00000, 0x0000000787d00000| Complete 
| 126|0x0000000787e00000, 0x0000000787f00000, 0x0000000787f00000|100%| E|CS|TAMS 0x0000000787e00000, 0x0000000787e00000| Complete 
| 127|0x0000000787f00000, 0x0000000788000000, 0x0000000788000000|100%| E|CS|TAMS 0x0000000787f00000, 0x0000000787f00000| Complete 
|2046|0x00000007ffe00000, 0x00000007ffe78000, 0x00000007fff00000| 46%|OA|  |TAMS 0x00000007ffe00000, 0x00000007ffe00000| Untracked 
|2047|0x00000007fff00000, 0x00000007fff80000, 0x0000000800000000| 50%|CA|  |TAMS 0x00000007fff00000, 0x00000007fff00000| Untracked 

Card table byte_map: [0x0000000100ca4000,0x00000001010a4000] _byte_map_base: 0x00000000fd0a4000

Marking Bits (Prev, Next): (CMBitMap*) 0x000000014802dc10, (CMBitMap*) 0x000000014802dc50
 Prev Bits: [0x0000000118b2c000, 0x000000011ab2c000)
 Next Bits: [0x000000011ab2c000, 0x000000011cb2c000)

Polling page: 0x00000001005bc000

Metaspace:

Usage:
  Non-class:     16.75 MB used.
      Class:      2.97 MB used.
       Both:     19.72 MB used.

Virtual space:
  Non-class space:       24.00 MB reserved,      16.94 MB ( 71%) committed,  3 nodes.
      Class space:        1.00 GB reserved,       3.06 MB ( <1%) committed,  1 nodes.
             Both:        1.02 GB reserved,      20.00 MB (  2%) committed. 

Chunk freelists:
   Non-Class:  2.25 MB
       Class:  992.00 KB
        Both:  3.21 MB

MaxMetaspaceSize: unlimited
CompressedClassSpaceSize: 1.00 GB
Initial GC threshold: 21.00 MB
Current GC threshold: 21.00 MB
CDS: on
MetaspaceReclaimPolicy: balanced
 - commit_granule_bytes: 65536.
 - commit_granule_words: 8192.
 - virtual_space_node_default_size: 1048576.
 - enlarge_chunks_in_place: 1.
 - new_chunks_are_fully_committed: 0.
 - uncommit_free_chunks: 1.
 - use_allocation_guard: 0.
 - handle_deallocations: 1.


Internal statistics:

num_allocs_failed_limit: 0.
num_arena_births: 214.
num_arena_deaths: 0.
num_vsnodes_births: 4.
num_vsnodes_deaths: 0.
num_space_committed: 320.
num_space_uncommitted: 0.
num_chunks_returned_to_freelist: 0.
num_chunks_taken_from_freelist: 886.
num_chunk_merges: 0.
num_chunk_splits: 618.
num_chunks_enlarged: 496.
num_purges: 0.
num_inconsistent_stats: 0.

CodeHeap 'non-profiled nmethods': size=120032Kb used=791Kb max_used=791Kb free=119240Kb
 bounds [0x00000001115f4000, 0x0000000111864000, 0x0000000118b2c000]
CodeHeap 'profiled nmethods': size=120016Kb used=4884Kb max_used=4884Kb free=115131Kb
 bounds [0x000000010a0c0000, 0x000000010a590000, 0x00000001115f4000]
CodeHeap 'non-nmethods': size=5712Kb used=1385Kb max_used=1491Kb free=4326Kb
 bounds [0x0000000109b2c000, 0x0000000109d9c000, 0x000000010a0c0000]
 total_blobs=3164 nmethods=2387 adapters=693
 compilation: enabled
              stopped_count=0, restarted_count=0
 full_count=0

Compilation events (20 events):
Event: 0.780 Thread 0x000000013f809200 nmethod 2326 0x00000001116b5b90 code [0x00000001116b5d40, 0x00000001116b5e30]
Event: 0.780 Thread 0x000000013f809200 2438       4       com.sun.javafx.geom.RectBounds::getBoundsType (4 bytes)
Event: 0.780 Thread 0x000000013f809200 nmethod 2438 0x00000001116b5f10 code [0x00000001116b6080, 0x00000001116b6120]
Event: 0.940 Thread 0x00000001480bd800 2452       3       java.util.WeakHashMap$HashIterator::nextEntry (81 bytes)
Event: 0.941 Thread 0x00000001480bd800 nmethod 2452 0x000000010a578090 code [0x000000010a578280, 0x000000010a578838]
Event: 0.941 Thread 0x00000001480bd800 2453       3       java.util.WeakHashMap$Entry::getKey (8 bytes)
Event: 0.941 Thread 0x00000001480bd800 nmethod 2453 0x000000010a578a10 code [0x000000010a578bc0, 0x000000010a578e68]
Event: 1.008 Thread 0x00000001480bd800 2454       3       java.util.WeakHashMap::size (18 bytes)
Event: 1.008 Thread 0x00000001480bd800 nmethod 2454 0x000000010a578f10 code [0x000000010a5790c0, 0x000000010a5792d8]
Event: 1.040 Thread 0x00000001480bd800 2455       1       com.sun.javafx.tk.quantum.QuantumToolkit$PulseTask::get (5 bytes)
Event: 1.041 Thread 0x00000001480bd800 nmethod 2455 0x00000001116b6210 code [0x00000001116b6380, 0x00000001116b6468]
Event: 1.154 Thread 0x00000001480bd800 2456       3       java.lang.String::<init> (14 bytes)
Event: 1.154 Thread 0x000000013f809200 2458       4       java.io.DataInputStream::readFully (59 bytes)
Event: 1.154 Thread 0x00000001480bd800 nmethod 2456 0x000000010a579390 code [0x000000010a579540, 0x000000010a5797c8]
Event: 1.155 Thread 0x00000001480bd800 2457 %     3       java.io.DataInputStream::readUTF @ 92 (501 bytes)
Event: 1.157 Thread 0x00000001480bd800 nmethod 2457% 0x000000010a579910 code [0x000000010a579ec0, 0x000000010a57c1b8]
Event: 1.157 Thread 0x00000001480bd800 2459  s    3       java.io.ByteArrayInputStream::read (36 bytes)
Event: 1.157 Thread 0x00000001480bd800 nmethod 2459 0x000000010a57ce10 code [0x000000010a57cfc0, 0x000000010a57d268]
Event: 1.157 Thread 0x00000001480bd800 2460   !   3       java.lang.Class::desiredAssertionStatus (54 bytes)
Event: 1.157 Thread 0x00000001480bd800 nmethod 2460 0x000000010a57d390 code [0x000000010a57d5c0, 0x000000010a57dbe8]

GC Heap History (4 events):
Event: 0.288 GC heap before
{Heap before GC invocations=0 (full 0):
 garbage-first heap   total 133120K, used 23520K [0x0000000780000000, 0x0000000800000000)
  region size 1024K, 23 young (23552K), 0 survivors (0K)
 Metaspace       used 6376K, committed 6528K, reserved 1056768K
  class space    used 776K, committed 896K, reserved 1048576K
}
Event: 0.290 GC heap after
{Heap after GC invocations=1 (full 0):
 garbage-first heap   total 133120K, used 4727K [0x0000000780000000, 0x0000000800000000)
  region size 1024K, 3 young (3072K), 3 survivors (3072K)
 Metaspace       used 6376K, committed 6528K, reserved 1056768K
  class space    used 776K, committed 896K, reserved 1048576K
}
Event: 0.577 GC heap before
{Heap before GC invocations=1 (full 0):
 garbage-first heap   total 133120K, used 43639K [0x0000000780000000, 0x0000000800000000)
  region size 1024K, 42 young (43008K), 3 survivors (3072K)
 Metaspace       used 17285K, committed 17472K, reserved 1064960K
  class space    used 2573K, committed 2688K, reserved 1048576K
}
Event: 0.580 GC heap after
{Heap after GC invocations=2 (full 0):
 garbage-first heap   total 133120K, used 9996K [0x0000000780000000, 0x0000000800000000)
  region size 1024K, 6 young (6144K), 6 survivors (6144K)
 Metaspace       used 17285K, committed 17472K, reserved 1064960K
  class space    used 2573K, committed 2688K, reserved 1048576K
}

Deoptimization events (20 events):
Event: 0.632 Thread 0x0000000148122a00 Uncommon trap: trap_request=0xffffff45 fr.pc=0x000000011164f668 relative=0x0000000000000128
Event: 0.632 Thread 0x0000000148122a00 Uncommon trap: reason=unstable_if action=reinterpret pc=0x000000011164f668 method=java.lang.String.isLatin1()Z @ 10 c2
Event: 0.632 Thread 0x0000000148122a00 DEOPT PACKING pc=0x000000011164f668 sp=0x000000016fa6d040
Event: 0.632 Thread 0x0000000148122a00 DEOPT UNPACKING pc=0x0000000109b6ad1c sp=0x000000016fa6cf00 mode 2
Event: 0.632 Thread 0x0000000148122a00 Uncommon trap: trap_request=0xffffff45 fr.pc=0x000000011162fd98 relative=0x0000000000000158
Event: 0.632 Thread 0x0000000148122a00 Uncommon trap: reason=unstable_if action=reinterpret pc=0x000000011162fd98 method=java.lang.String.isLatin1()Z @ 10 c2
Event: 0.632 Thread 0x0000000148122a00 DEOPT PACKING pc=0x000000011162fd98 sp=0x000000016fa6cfe0
Event: 0.632 Thread 0x0000000148122a00 DEOPT UNPACKING pc=0x0000000109b6ad1c sp=0x000000016fa6cf30 mode 2
Event: 0.633 Thread 0x0000000148122a00 Uncommon trap: trap_request=0xffffff45 fr.pc=0x000000011162f7d8 relative=0x0000000000000118
Event: 0.633 Thread 0x0000000148122a00 Uncommon trap: reason=unstable_if action=reinterpret pc=0x000000011162f7d8 method=java.lang.String.startsWith(Ljava/lang/String;I)Z @ 50 c2
Event: 0.633 Thread 0x0000000148122a00 DEOPT PACKING pc=0x000000011162f7d8 sp=0x000000016fa6dfe0
Event: 0.633 Thread 0x0000000148122a00 DEOPT UNPACKING pc=0x0000000109b6ad1c sp=0x000000016fa6dee0 mode 2
Event: 0.664 Thread 0x0000000148122a00 Uncommon trap: trap_request=0xffffff45 fr.pc=0x0000000111600240 relative=0x0000000000000080
Event: 0.664 Thread 0x0000000148122a00 Uncommon trap: reason=unstable_if action=reinterpret pc=0x0000000111600240 method=java.lang.String.isLatin1()Z @ 10 c2
Event: 0.664 Thread 0x0000000148122a00 DEOPT PACKING pc=0x0000000111600240 sp=0x000000016fa6e960
Event: 0.664 Thread 0x0000000148122a00 DEOPT UNPACKING pc=0x0000000109b6ad1c sp=0x000000016fa6e8a0 mode 2
Event: 0.718 Thread 0x000000013e86be00 DEOPT PACKING pc=0x000000010a567128 sp=0x00000001724fd1c0
Event: 0.718 Thread 0x000000013e86be00 DEOPT UNPACKING pc=0x0000000109b6ab7c sp=0x00000001724fce20 mode 0
Event: 0.719 Thread 0x000000013e86be00 DEOPT PACKING pc=0x000000010a567128 sp=0x00000001724fd1c0
Event: 0.719 Thread 0x000000013e86be00 DEOPT UNPACKING pc=0x0000000109b6ab7c sp=0x00000001724fce20 mode 0

Classes unloaded (0 events):
No events

Classes redefined (0 events):
No events

Internal exceptions (20 events):
Event: 0.348 Thread 0x0000000148122a00 Exception <a 'java/lang/NoSuchMethodError'{0x00000007877ea068}: 'void java.lang.invoke.DirectMethodHandle$Holder.invokeStaticInit(java.lang.Object, java.lang.Object)'> (0x00000007877ea068) 
thrown [open/src/hotspot/share/interpreter/linkResolver.cpp, line 766]
Event: 0.350 Thread 0x0000000148122a00 Exception <a 'java/lang/NoSuchMethodError'{0x000000078761fe90}: 'void java.lang.invoke.DirectMethodHandle$Holder.invokeSpecial(java.lang.Object, java.lang.Object, java.lang.Object, java.lang.Object, java.lang.Object)'> (0x000000078761fe90) 
thrown [open/src/hotspot/share/interpreter/linkResolver.cpp, line 766]
Event: 0.390 Thread 0x0000000148122a00 Implicit null exception at 0x00000001116375f8 to 0x0000000111637688
Event: 0.402 Thread 0x0000000148122a00 Implicit null exception at 0x0000000111642694 to 0x0000000111642a24
Event: 0.403 Thread 0x0000000148122a00 Implicit null exception at 0x0000000111641b94 to 0x0000000111641f18
Event: 0.410 Thread 0x000000013e938800 Exception <a 'java/lang/NoSuchMethodError'{0x0000000786c1f9f0}: 'int java.lang.invoke.DirectMethodHandle$Holder.invokeSpecial(java.lang.Object, java.lang.Object, java.lang.Object)'> (0x0000000786c1f9f0) 
thrown [open/src/hotspot/share/interpreter/linkResolver.cpp, line 766]
Event: 0.505 Thread 0x0000000148122a00 Exception <a 'java/lang/NoSuchMethodError'{0x0000000785fac810}: 'java.lang.Object java.lang.invoke.DirectMethodHandle$Holder.invokeInterface(java.lang.Object, java.lang.Object, java.lang.Object)'> (0x0000000785fac810) 
thrown [open/src/hotspot/share/interpreter/linkResolver.cpp, line 766]
Event: 0.505 Thread 0x0000000148122a00 Exception <a 'java/lang/IncompatibleClassChangeError'{0x0000000785fb0198}: Found class java.lang.Object, but interface was expected> (0x0000000785fb0198) 
thrown [open/src/hotspot/share/interpreter/linkResolver.cpp, line 833]
Event: 0.510 Thread 0x0000000148122a00 Exception <a 'java/lang/ClassNotFoundException'{0x0000000785e2a3b0}: com/sun/javafx/scene/control/skin/resources/controls> (0x0000000785e2a3b0) 
thrown [open/src/hotspot/share/prims/jni.cpp, line 535]
Event: 0.511 Thread 0x0000000148122a00 Exception <a 'java/lang/ClassNotFoundException'{0x0000000785e38338}: com/sun/javafx/scene/control/skin/resources/controls_ru> (0x0000000785e38338) 
thrown [open/src/hotspot/share/prims/jni.cpp, line 535]
Event: 0.511 Thread 0x0000000148122a00 Exception <a 'java/lang/ClassNotFoundException'{0x0000000785e3a200}: com/sun/javafx/scene/control/skin/resources/controls_ru_RU> (0x0000000785e3a200) 
thrown [open/src/hotspot/share/prims/jni.cpp, line 535]
Event: 0.526 Thread 0x0000000148122a00 Exception <a 'java/lang/NoSuchMethodError'{0x0000000785c53808}: 'int java.lang.invoke.DirectMethodHandle$Holder.invokeSpecial(java.lang.Object, java.lang.Object, int)'> (0x0000000785c53808) 
thrown [open/src/hotspot/share/interpreter/linkResolver.cpp, line 766]
Event: 0.573 Thread 0x0000000148122a00 Exception <a 'java/lang/NoSuchMethodError'{0x0000000785659568}: 'void java.lang.invoke.DirectMethodHandle$Holder.invokeSpecial(java.lang.Object, java.lang.Object, java.lang.Object, java.lang.Object, java.lang.Object, java.lang.Object)'> (0x0000000785659568) 
thrown [open/src/hotspot/share/interpreter/linkResolver.cpp, line 766]
Event: 0.600 Thread 0x0000000148122a00 Exception <a 'java/lang/NoSuchMethodError'{0x0000000787d99e48}: 'int java.lang.invoke.DirectMethodHandle$Holder.invokeStaticInit(java.lang.Object, java.lang.Object)'> (0x0000000787d99e48) 
thrown [open/src/hotspot/share/interpreter/linkResolver.cpp, line 766]
Event: 0.635 Thread 0x0000000148122a00 Exception <a 'java/lang/NoSuchMethodError'{0x0000000787819c70}: 'java.lang.Object java.lang.invoke.DirectMethodHandle$Holder.newInvokeSpecial(java.lang.Object, java.lang.Object, int, int)'> (0x0000000787819c70) 
thrown [open/src/hotspot/share/interpreter/linkResolver.cpp, line 766]
Event: 0.641 Thread 0x0000000148122a00 Exception <a 'java/lang/NoSuchMethodError'{0x00000007878379f0}: 'java.lang.Object java.lang.invoke.DirectMethodHandle$Holder.newInvokeSpecial(java.lang.Object, java.lang.Object, int)'> (0x00000007878379f0) 
thrown [open/src/hotspot/share/interpreter/linkResolver.cpp, line 766]
Event: 0.691 Thread 0x0000000148122a00 Exception <a 'java/lang/NoSuchMethodError'{0x000000078740b710}: 'long java.lang.invoke.DirectMethodHandle$Holder.invokeStatic(java.lang.Object, java.lang.Object, java.lang.Object)'> (0x000000078740b710) 
thrown [open/src/hotspot/share/interpreter/linkResolver.cpp, line 766]
Event: 0.692 Thread 0x0000000148122a00 Exception <a 'java/lang/NoSuchMethodError'{0x000000078740eeb8}: 'long java.lang.invoke.DirectMethodHandle$Holder.invokeStaticInit(java.lang.Object, java.lang.Object, java.lang.Object)'> (0x000000078740eeb8) 
thrown [open/src/hotspot/share/interpreter/linkResolver.cpp, line 766]
Event: 0.692 Thread 0x0000000148122a00 Exception <a 'java/lang/NoSuchMethodError'{0x0000000787426ac0}: 'java.lang.Object java.lang.invoke.DirectMethodHandle$Holder.newInvokeSpecial(java.lang.Object, java.lang.Object, long)'> (0x0000000787426ac0) 
thrown [open/src/hotspot/share/interpreter/linkResolver.cpp, line 766]
Event: 0.692 Thread 0x0000000148122a00 Exception <a 'java/lang/NoSuchMethodError'{0x000000078742a388}: 'java.lang.Object java.lang.invoke.Invokers$Holder.linkToTargetMethod(java.lang.Object, long, java.lang.Object)'> (0x000000078742a388) 
thrown [open/src/hotspot/share/interpreter/linkResolver.cpp, line 766]

VM Operations (20 events):
Event: 0.382 Executing VM operation: HandshakeAllThreads
Event: 0.382 Executing VM operation: HandshakeAllThreads done
Event: 0.405 Executing VM operation: ICBufferFull
Event: 0.405 Executing VM operation: ICBufferFull done
Event: 0.428 Executing VM operation: HandshakeAllThreads
Event: 0.428 Executing VM operation: HandshakeAllThreads done
Event: 0.498 Executing VM operation: HandshakeAllThreads
Event: 0.498 Executing VM operation: HandshakeAllThreads done
Event: 0.527 Executing VM operation: ICBufferFull
Event: 0.527 Executing VM operation: ICBufferFull done
Event: 0.542 Executing VM operation: ICBufferFull
Event: 0.542 Executing VM operation: ICBufferFull done
Event: 0.570 Executing VM operation: HandshakeAllThreads
Event: 0.570 Executing VM operation: HandshakeAllThreads done
Event: 0.577 Executing VM operation: G1CollectForAllocation
Event: 0.580 Executing VM operation: G1CollectForAllocation done
Event: 0.616 Executing VM operation: ICBufferFull
Event: 0.616 Executing VM operation: ICBufferFull done
Event: 0.674 Executing VM operation: ICBufferFull
Event: 0.675 Executing VM operation: ICBufferFull done

Events (20 events):
Event: 0.712 loading class java/nio/DirectFloatBufferU
Event: 0.712 loading class java/nio/DirectFloatBufferU done
Event: 0.723 loading class jdk/internal/misc/ScopedMemoryAccess$Scope
Event: 0.723 loading class jdk/internal/misc/ScopedMemoryAccess$Scope done
Event: 1.046 Thread 0x000000013e932000 Thread added: 0x000000013e932000
Event: 1.046 Protecting memory [0x0000000174b84000,0x0000000174b90000] with protection modes 0
Event: 1.151 loading class jdk/internal/vm/VMSupport
Event: 1.152 loading class jdk/internal/vm/VMSupport done
Event: 1.152 loading class sun/nio/cs/ISO_8859_1$Encoder
Event: 1.153 loading class sun/nio/cs/ISO_8859_1$Encoder done
Event: 1.156 loading class sun/util/calendar/ZoneInfoFile$Checksum
Event: 1.156 loading class java/util/zip/CRC32
Event: 1.156 loading class java/util/zip/Checksum
Event: 1.156 loading class java/util/zip/Checksum done
Event: 1.156 loading class java/util/zip/CRC32 done
Event: 1.156 loading class sun/util/calendar/ZoneInfoFile$Checksum done
Event: 1.156 loading class java/util/zip/Checksum$1
Event: 1.156 loading class java/util/zip/Checksum$1 done
Event: 1.157 loading class sun/util/locale/provider/TimeZoneNameUtility
Event: 1.157 loading class sun/util/locale/provider/TimeZoneNameUtility done


Dynamic libraries:
0x000000010057c000 	/Library/Java/JavaVirtualMachines/jdk-17.jdk/Contents/Home/lib/libjli.dylib
0x00000001ad2d6000 	/usr/lib/libz.1.dylib
0x00000001ad386000 	/usr/lib/libSystem.B.dylib
0x00000001ad380000 	/usr/lib/system/libcache.dylib
0x00000001ad33e000 	/usr/lib/system/libcommonCrypto.dylib
0x00000001ad367000 	/usr/lib/system/libcompiler_rt.dylib
0x00000001ad35e000 	/usr/lib/system/libcopyfile.dylib
0x00000001a268a000 	/usr/lib/system/libcorecrypto.dylib
0x00000001a272f000 	/usr/lib/system/libdispatch.dylib
0x00000001a28f7000 	/usr/lib/system/libdyld.dylib
0x00000001ad376000 	/usr/lib/system/libkeymgr.dylib
0x00000001ad320000 	/usr/lib/system/libmacho.dylib
0x00000001aca2c000 	/usr/lib/system/libquarantine.dylib
0x00000001ad373000 	/usr/lib/system/libremovefile.dylib
0x00000001a7a79000 	/usr/lib/system/libsystem_asl.dylib
0x00000001a2634000 	/usr/lib/system/libsystem_blocks.dylib
0x00000001a27b5000 	/usr/lib/system/libsystem_c.dylib
0x00000001ad36b000 	/usr/lib/system/libsystem_collections.dylib
0x00000001abe89000 	/usr/lib/system/libsystem_configuration.dylib
0x00000001ab10f000 	/usr/lib/system/libsystem_containermanager.dylib
0x00000001ad08a000 	/usr/lib/system/libsystem_coreservices.dylib
0x00000001a501c000 	/usr/lib/system/libsystem_darwin.dylib
0x00000001ad377000 	/usr/lib/system/libsystem_dnssd.dylib
0x00000001a27b2000 	/usr/lib/system/libsystem_featureflags.dylib
0x00000001a290c000 	/usr/lib/system/libsystem_info.dylib
0x00000001ad2e8000 	/usr/lib/system/libsystem_m.dylib
0x00000001a2704000 	/usr/lib/system/libsystem_malloc.dylib
0x00000001a7a0a000 	/usr/lib/system/libsystem_networkextension.dylib
0x00000001a546f000 	/usr/lib/system/libsystem_notify.dylib
0x00000001b3553000 	/usr/lib/system/libsystem_product_info_filter.dylib
0x00000001abe8e000 	/usr/lib/system/libsystem_sandbox.dylib
0x00000001ad370000 	/usr/lib/system/libsystem_secinit.dylib
0x00000001a28b4000 	/usr/lib/system/libsystem_kernel.dylib
0x00000001a2904000 	/usr/lib/system/libsystem_platform.dylib
0x00000001a28ea000 	/usr/lib/system/libsystem_pthread.dylib
0x00000001a91af000 	/usr/lib/system/libsystem_symptoms.dylib
0x00000001a2670000 	/usr/lib/system/libsystem_trace.dylib
0x00000001ad34b000 	/usr/lib/system/libunwind.dylib
0x00000001a2636000 	/usr/lib/system/libxpc.dylib
0x00000001a289a000 	/usr/lib/libc++abi.dylib
0x00000001a2776000 	/usr/lib/libobjc.A.dylib
0x00000001ad356000 	/usr/lib/liboah.dylib
0x00000001a2836000 	/usr/lib/libc++.1.dylib
0x00000001b8f30000 	/System/Library/Frameworks/Cocoa.framework/Versions/A/Cocoa
0x00000001a54ce000 	/System/Library/Frameworks/AppKit.framework/Versions/C/AppKit
0x00000001a89f0000 	/System/Library/Frameworks/CoreData.framework/Versions/A/CoreData
0x00000001a382f000 	/System/Library/Frameworks/Foundation.framework/Versions/C/Foundation
0x00000001a6380000 	/System/Library/PrivateFrameworks/UIFoundation.framework/Versions/A/UIFoundation
0x00000001b324d000 	/System/Library/PrivateFrameworks/RemoteViewServices.framework/Versions/A/RemoteViewServices
0x00000001ab848000 	/System/Library/PrivateFrameworks/XCTTargetBootstrap.framework/Versions/A/XCTTargetBootstrap
0x00000001af088000 	/System/Library/PrivateFrameworks/InternationalSupport.framework/Versions/A/InternationalSupport
0x00000001af111000 	/System/Library/PrivateFrameworks/UserActivity.framework/Versions/A/UserActivity
0x00000001ae5b3000 	/usr/lib/libspindump.dylib
0x00000001a65f0000 	/System/Library/Frameworks/UniformTypeIdentifiers.framework/Versions/A/UniformTypeIdentifiers
0x00000001a9dd6000 	/usr/lib/libapp_launch_measurement.dylib
0x00000001a9353000 	/System/Library/PrivateFrameworks/CoreAnalytics.framework/Versions/A/CoreAnalytics
0x00000001a9dd9000 	/System/Library/PrivateFrameworks/CoreAutoLayout.framework/Versions/A/CoreAutoLayout
0x00000001ab14c000 	/System/Library/Frameworks/Metal.framework/Versions/A/Metal
0x00000001abe99000 	/usr/lib/liblangid.dylib
0x00000001ab84c000 	/System/Library/PrivateFrameworks/CoreSVG.framework/Versions/A/CoreSVG
0x00000001a7aad000 	/System/Library/PrivateFrameworks/SkyLight.framework/Versions/A/SkyLight
0x00000001a7e75000 	/System/Library/Frameworks/CoreGraphics.framework/Versions/A/CoreGraphics
0x00000001b38c6000 	/System/Library/Frameworks/Accelerate.framework/Versions/A/Accelerate
0x00000001ae028000 	/System/Library/PrivateFrameworks/IconServices.framework/Versions/A/IconServices
0x00000001ab12e000 	/System/Library/Frameworks/IOSurface.framework/Versions/A/IOSurface
0x00000001a9383000 	/usr/lib/libDiagnosticMessagesClient.dylib
0x00000001b6cfe000 	/System/Library/Frameworks/ApplicationServices.framework/Versions/A/ApplicationServices
0x00000001ab830000 	/System/Library/PrivateFrameworks/DFRFoundation.framework/Versions/A/DFRFoundation
0x00000001a4d71000 	/usr/lib/libicucore.A.dylib
0x00000001afe85000 	/System/Library/Frameworks/AudioToolbox.framework/Versions/A/AudioToolbox
0x00000001af094000 	/System/Library/PrivateFrameworks/DataDetectorsCore.framework/Versions/A/DataDetectorsCore
0x00000001c50b0000 	/System/Library/PrivateFrameworks/TextInput.framework/Versions/A/TextInput
0x00000001a7a24000 	/usr/lib/libMobileGestalt.dylib
0x00000001ab500000 	/System/Library/Frameworks/Carbon.framework/Versions/A/Frameworks/HIToolbox.framework/Versions/A/HIToolbox
0x00000001a97e0000 	/System/Library/Frameworks/QuartzCore.framework/Versions/A/QuartzCore
0x00000001a49ee000 	/System/Library/Frameworks/Security.framework/Versions/A/Security
0x00000001b328d000 	/System/Library/Frameworks/Carbon.framework/Versions/A/Frameworks/SpeechRecognition.framework/Versions/A/SpeechRecognition
0x00000001a9b2d000 	/System/Library/PrivateFrameworks/CoreUI.framework/Versions/A/CoreUI
0x00000001a42c1000 	/System/Library/Frameworks/CoreAudio.framework/Versions/A/CoreAudio
0x00000001a9473000 	/System/Library/Frameworks/DiskArbitration.framework/Versions/A/DiskArbitration
0x00000001ae99b000 	/System/Library/PrivateFrameworks/MultitouchSupport.framework/Versions/A/MultitouchSupport
0x00000001a7a22000 	/usr/lib/libenergytrace.dylib
0x00000001a539a000 	/System/Library/Frameworks/IOKit.framework/Versions/A/IOKit
0x00000001b3674000 	/System/Library/Frameworks/CoreServices.framework/Versions/A/CoreServices
0x00000001a9d66000 	/System/Library/PrivateFrameworks/PerformanceAnalysis.framework/Versions/A/PerformanceAnalysis
0x00000002038d5000 	/System/Library/Frameworks/OpenGL.framework/Versions/A/OpenGL
0x00000001ac94c000 	/System/Library/PrivateFrameworks/MobileKeyBag.framework/Versions/A/MobileKeyBag
0x00000001a8485000 	/System/Library/Frameworks/ColorSync.framework/Versions/A/ColorSync
0x00000001a2938000 	/System/Library/Frameworks/CoreFoundation.framework/Versions/A/CoreFoundation
0x00000001abacd000 	/System/Library/Frameworks/CoreImage.framework/Versions/A/CoreImage
0x00000001a40e4000 	/System/Library/Frameworks/CoreText.framework/Versions/A/CoreText
0x00000001ab87c000 	/System/Library/Frameworks/ImageIO.framework/Versions/A/ImageIO
0x00000001ad38c000 	/System/Library/PrivateFrameworks/SoftLinking.framework/Versions/A/SoftLinking
0x00000001a9e23000 	/usr/lib/libxml2.2.dylib
0x00000001ad624000 	/usr/lib/libcompression.dylib
0x00000001aefe1000 	/System/Library/PrivateFrameworks/TextureIO.framework/Versions/A/TextureIO
0x00000001add42000 	/usr/lib/libate.dylib
0x00000001adc0a000 	/usr/lib/liblzma.5.dylib
0x00000001a3520000 	/System/Library/Frameworks/SystemConfiguration.framework/Versions/A/SystemConfiguration
0x00000001ad388000 	/usr/lib/libfakelink.dylib
0x00000001a7552000 	/System/Library/Frameworks/CFNetwork.framework/Versions/A/CFNetwork
0x00000001ad4cf000 	/usr/lib/libarchive.2.dylib
0x00000001abe95000 	/System/Library/PrivateFrameworks/AppleSystemInfo.framework/Versions/A/AppleSystemInfo
0x00000001aca56000 	/usr/lib/libbsm.0.dylib
0x00000001a6a8f000 	/usr/lib/libnetwork.dylib
0x00000001ad326000 	/usr/lib/system/libkxld.dylib
0x00000001ac66e000 	/System/Library/PrivateFrameworks/IOMobileFramebuffer.framework/Versions/A/IOMobileFramebuffer
0x000000021f200000 	/usr/lib/libCoreEntitlements.dylib
0x00000001ad06c000 	/System/Library/PrivateFrameworks/AppleFSCompression.framework/Versions/A/AppleFSCompression
0x00000001aca3f000 	/usr/lib/libcoretls.dylib
0x00000001adc23000 	/usr/lib/libcoretls_cfhelpers.dylib
0x00000001ad61f000 	/usr/lib/libpam.2.dylib
0x00000001a8dd7000 	/usr/lib/libsqlite3.dylib
0x00000001adc8b000 	/usr/lib/libxar.1.dylib
0x00000001ad07d000 	/usr/lib/libbz2.1.0.dylib
0x00000001ad38d000 	/usr/lib/libpcap.A.dylib
0x00000001a91a6000 	/usr/lib/libdns_services.dylib
0x00000001ad5f2000 	/usr/lib/libapple_nghttp2.dylib
0x00000001ad3ca000 	/usr/lib/libiconv.2.dylib
0x00000001ad31f000 	/usr/lib/libcharset.1.dylib
0x00000001a9da2000 	/System/Library/Frameworks/CoreServices.framework/Versions/A/Frameworks/FSEvents.framework/Versions/A/FSEvents
0x00000001a5027000 	/System/Library/Frameworks/CoreServices.framework/Versions/A/Frameworks/CarbonCore.framework/Versions/A/CarbonCore
0x00000001a93d6000 	/System/Library/Frameworks/CoreServices.framework/Versions/A/Frameworks/Metadata.framework/Versions/A/Metadata
0x00000001ad090000 	/System/Library/Frameworks/CoreServices.framework/Versions/A/Frameworks/OSServices.framework/Versions/A/OSServices
0x00000001ad554000 	/System/Library/Frameworks/CoreServices.framework/Versions/A/Frameworks/SearchKit.framework/Versions/A/SearchKit
0x00000001a9134000 	/System/Library/Frameworks/CoreServices.framework/Versions/A/Frameworks/AE.framework/Versions/A/AE
0x00000001a2e7c000 	/System/Library/Frameworks/CoreServices.framework/Versions/A/Frameworks/LaunchServices.framework/Versions/A/LaunchServices
0x00000001adbb3000 	/System/Library/Frameworks/CoreServices.framework/Versions/A/Frameworks/DictionaryServices.framework/Versions/A/DictionaryServices
0x00000001a9daf000 	/System/Library/Frameworks/CoreServices.framework/Versions/A/Frameworks/SharedFileList.framework/Versions/A/SharedFileList
0x00000001aca2f000 	/usr/lib/libCheckFix.dylib
0x00000001a7a91000 	/System/Library/PrivateFrameworks/TCC.framework/Versions/A/TCC
0x00000001abe9b000 	/System/Library/PrivateFrameworks/CoreNLP.framework/Versions/A/CoreNLP
0x00000001a9386000 	/System/Library/PrivateFrameworks/MetadataUtilities.framework/Versions/A/MetadataUtilities
0x00000001a35d9000 	/usr/lib/libmecabra.dylib
0x00000001aca67000 	/usr/lib/libmecab.dylib
0x00000001a35a5000 	/usr/lib/libCRFSuite.dylib
0x00000001acac5000 	/usr/lib/libgermantok.dylib
0x00000001ad5cb000 	/usr/lib/libThaiTokenizer.dylib
0x00000001a947b000 	/System/Library/Frameworks/Accelerate.framework/Versions/A/Frameworks/vImage.framework/Versions/A/vImage
0x00000001b364b000 	/System/Library/Frameworks/Accelerate.framework/Versions/A/Frameworks/vecLib.framework/Versions/A/vecLib
0x00000001adccf000 	/System/Library/Frameworks/Accelerate.framework/Versions/A/Frameworks/vecLib.framework/Versions/A/libvMisc.dylib
0x00000001ac578000 	/System/Library/Frameworks/Accelerate.framework/Versions/A/Frameworks/vecLib.framework/Versions/A/libvDSP.dylib
0x00000001a31ff000 	/System/Library/Frameworks/Accelerate.framework/Versions/A/Frameworks/vecLib.framework/Versions/A/libBLAS.dylib
0x00000001ad6f3000 	/System/Library/Frameworks/Accelerate.framework/Versions/A/Frameworks/vecLib.framework/Versions/A/libLAPACK.dylib
0x00000001acac8000 	/System/Library/Frameworks/Accelerate.framework/Versions/A/Frameworks/vecLib.framework/Versions/A/libLinearAlgebra.dylib
0x00000001ad60a000 	/System/Library/Frameworks/Accelerate.framework/Versions/A/Frameworks/vecLib.framework/Versions/A/libSparseBLAS.dylib
0x00000001ad6ee000 	/System/Library/Frameworks/Accelerate.framework/Versions/A/Frameworks/vecLib.framework/Versions/A/libQuadrature.dylib
0x00000001abf92000 	/System/Library/Frameworks/Accelerate.framework/Versions/A/Frameworks/vecLib.framework/Versions/A/libBNNS.dylib
0x00000001a34bd000 	/System/Library/Frameworks/Accelerate.framework/Versions/A/Frameworks/vecLib.framework/Versions/A/libSparse.dylib
0x00000001abf8a000 	/System/Library/PrivateFrameworks/LinguisticData.framework/Versions/A/LinguisticData
0x00000001a3473000 	/System/Library/PrivateFrameworks/Lexicon.framework/Versions/A/Lexicon
0x00000001adcc7000 	/usr/lib/libChineseTokenizer.dylib
0x00000001a3c1d000 	/System/Library/PrivateFrameworks/LanguageModeling.framework/Versions/A/LanguageModeling
0x00000001ad5cd000 	/System/Library/PrivateFrameworks/AppleSauce.framework/Versions/A/AppleSauce
0x00000001ac65b000 	/System/Library/PrivateFrameworks/CoreEmoji.framework/Versions/A/CoreEmoji
0x00000001ad4bd000 	/usr/lib/libcmph.dylib
0x00000001a9d82000 	/System/Library/Frameworks/OpenDirectory.framework/Versions/A/Frameworks/CFOpenDirectory.framework/Versions/A/CFOpenDirectory
0x00000001a9d72000 	/System/Library/Frameworks/OpenDirectory.framework/Versions/A/OpenDirectory
0x00000001adc25000 	/System/Library/PrivateFrameworks/APFS.framework/Versions/A/APFS
0x00000001ac987000 	/System/Library/Frameworks/SecurityFoundation.framework/Versions/A/SecurityFoundation
0x00000001adc99000 	/usr/lib/libutil.dylib
0x00000001a535c000 	/System/Library/PrivateFrameworks/CoreServicesStore.framework/Versions/A/CoreServicesStore
0x00000001adc9d000 	/usr/lib/libxslt.1.dylib
0x00000001aca1b000 	/System/Library/PrivateFrameworks/BackgroundTaskManagement.framework/Versions/A/BackgroundTaskManagement
0x00000001aef02000 	/System/Library/Frameworks/ImageIO.framework/Versions/A/Resources/libRadiance.dylib
0x00000001aef0b000 	/System/Library/Frameworks/ImageIO.framework/Versions/A/Resources/libJPEG.dylib
0x00000001aee5d000 	/System/Library/Frameworks/ImageIO.framework/Versions/A/Resources/libPng.dylib
0x00000001aee7f000 	/System/Library/Frameworks/ImageIO.framework/Versions/A/Resources/libTIFF.dylib
0x00000001aef66000 	/System/Library/Frameworks/ImageIO.framework/Versions/A/Resources/libGIF.dylib
0x00000001ae8ab000 	/System/Library/Frameworks/ImageIO.framework/Versions/A/Resources/libJP2.dylib
0x00000001adfee000 	/usr/lib/libexpat.1.dylib
0x00000001ae866000 	/System/Library/PrivateFrameworks/AppleJPEG.framework/Versions/A/AppleJPEG
0x00000001ab3bf000 	/System/Library/PrivateFrameworks/FontServices.framework/libFontParser.dylib
0x00000001a90d9000 	/System/Library/PrivateFrameworks/RunningBoardServices.framework/Versions/A/RunningBoardServices
0x00000001b959b000 	/System/Library/PrivateFrameworks/IOSurfaceAccelerator.framework/Versions/A/IOSurfaceAccelerator
0x00000001ae997000 	/System/Library/PrivateFrameworks/WatchdogClient.framework/Versions/A/WatchdogClient
0x00000001a3d21000 	/System/Library/Frameworks/CoreDisplay.framework/Versions/A/CoreDisplay
0x00000001ab2ae000 	/System/Library/Frameworks/CoreMedia.framework/Versions/A/CoreMedia
0x00000001ab142000 	/System/Library/PrivateFrameworks/IOAccelerator.framework/Versions/A/IOAccelerator
0x00000001a9f10000 	/System/Library/Frameworks/CoreVideo.framework/Versions/A/CoreVideo
0x00000001ad61d000 	/System/Library/Frameworks/MetalPerformanceShaders.framework/Versions/A/MetalPerformanceShaders
0x00000001ae9d4000 	/System/Library/Frameworks/VideoToolbox.framework/Versions/A/VideoToolbox
0x00000001a901d000 	/System/Library/PrivateFrameworks/BaseBoard.framework/Versions/A/BaseBoard
0x00000001a8dbc000 	/System/Library/PrivateFrameworks/ProtocolBuffer.framework/Versions/A/ProtocolBuffer
0x00000001aeefd000 	/System/Library/PrivateFrameworks/GPUWrangler.framework/Versions/A/GPUWrangler
0x00000001aeedc000 	/System/Library/PrivateFrameworks/IOPresentment.framework/Versions/A/IOPresentment
0x00000001aef05000 	/System/Library/PrivateFrameworks/DSExternalDisplay.framework/Versions/A/DSExternalDisplay
0x00000002038c8000 	/System/Library/Frameworks/OpenGL.framework/Versions/A/Libraries/libCoreFSCache.dylib
0x000000020cfe2000 	/System/Library/PrivateFrameworks/GPUCompiler.framework/Versions/31001/Libraries/libGPUCompilerUtils.dylib
0x00000001aef6b000 	/System/Library/PrivateFrameworks/CMCaptureCore.framework/Versions/A/CMCaptureCore
0x00000001ae5a1000 	/System/Library/PrivateFrameworks/AppServerSupport.framework/Versions/A/AppServerSupport
0x00000001b0740000 	/System/Library/PrivateFrameworks/perfdata.framework/Versions/A/perfdata
0x00000001a3e41000 	/System/Library/PrivateFrameworks/AudioToolboxCore.framework/Versions/A/AudioToolboxCore
0x00000001ab286000 	/System/Library/PrivateFrameworks/caulk.framework/Versions/A/caulk
0x00000001b0035000 	/usr/lib/libAudioStatistics.dylib
0x00000001c184e000 	/System/Library/PrivateFrameworks/SystemPolicy.framework/Versions/A/SystemPolicy
0x00000001b0295000 	/usr/lib/libSMC.dylib
0x00000001b8e12000 	/System/Library/Frameworks/CoreMIDI.framework/Versions/A/CoreMIDI
0x00000001aee2b000 	/usr/lib/libAudioToolboxUtility.dylib
0x00000001bdcf4000 	/System/Library/PrivateFrameworks/OSAServicesClient.framework/Versions/A/OSAServicesClient
0x00000001b074d000 	/usr/lib/libperfcheck.dylib
0x00000001c2351000 	/usr/lib/libmis.dylib
0x0000000203929000 	/System/Library/Frameworks/OpenGL.framework/Versions/A/Libraries/libGLU.dylib
0x00000002038e8000 	/System/Library/Frameworks/OpenGL.framework/Versions/A/Libraries/libGFXShared.dylib
0x0000000203ad2000 	/System/Library/Frameworks/OpenGL.framework/Versions/A/Libraries/libGL.dylib
0x00000002038f1000 	/System/Library/Frameworks/OpenGL.framework/Versions/A/Libraries/libGLImage.dylib
0x00000002038e5000 	/System/Library/Frameworks/OpenGL.framework/Versions/A/Libraries/libCVMSPluginSupport.dylib
0x00000002038cf000 	/System/Library/Frameworks/OpenGL.framework/Versions/A/Libraries/libCoreVMClient.dylib
0x00000001abe17000 	/System/Library/Frameworks/MetalPerformanceShaders.framework/Versions/A/Frameworks/MPSCore.framework/Versions/A/MPSCore
0x00000001acfdf000 	/System/Library/Frameworks/MetalPerformanceShaders.framework/Versions/A/Frameworks/MPSImage.framework/Versions/A/MPSImage
0x00000001acadd000 	/System/Library/Frameworks/MetalPerformanceShaders.framework/Versions/A/Frameworks/MPSNeuralNetwork.framework/Versions/A/MPSNeuralNetwork
0x00000001acf1a000 	/System/Library/Frameworks/MetalPerformanceShaders.framework/Versions/A/Frameworks/MPSMatrix.framework/Versions/A/MPSMatrix
0x00000001accf5000 	/System/Library/Frameworks/MetalPerformanceShaders.framework/Versions/A/Frameworks/MPSRayIntersector.framework/Versions/A/MPSRayIntersector
0x00000001acf4b000 	/System/Library/Frameworks/MetalPerformanceShaders.framework/Versions/A/Frameworks/MPSNDArray.framework/Versions/A/MPSNDArray
0x00000002055e4000 	/System/Library/Frameworks/MetalPerformanceShaders.framework/Versions/A/Frameworks/MPSFunctions.framework/Versions/A/MPSFunctions
0x00000001a30dd000 	/System/Library/PrivateFrameworks/MetalTools.framework/Versions/A/MetalTools
0x00000001abe93000 	/System/Library/PrivateFrameworks/AggregateDictionary.framework/Versions/A/AggregateDictionary
0x00000001addd4000 	/usr/lib/libIOReport.dylib
0x00000001b7e00000 	/System/Library/PrivateFrameworks/ASEProcessing.framework/Versions/A/ASEProcessing
0x00000001ae146000 	/System/Library/PrivateFrameworks/FaceCore.framework/Versions/A/FaceCore
0x00000001ae138000 	/System/Library/PrivateFrameworks/GraphVisualizer.framework/Versions/A/GraphVisualizer
0x000000020cef9000 	/System/Library/PrivateFrameworks/FontServices.framework/Versions/A/FontServices
0x00000001ae55b000 	/System/Library/PrivateFrameworks/OTSVG.framework/Versions/A/OTSVG
0x00000001a9ade000 	/System/Library/Frameworks/ApplicationServices.framework/Versions/A/Frameworks/ATS.framework/Versions/A/Resources/libFontRegistry.dylib
0x00000001ae5aa000 	/System/Library/PrivateFrameworks/FontServices.framework/libhvf.dylib
0x000000020cefa000 	/System/Library/PrivateFrameworks/FontServices.framework/libXTFontStaticRegistryData.dylib
0x0000000203c74000 	/System/Library/Frameworks/OpenCL.framework/Versions/A/OpenCL
0x00000001adfa2000 	/System/Library/PrivateFrameworks/AppleVA.framework/Versions/A/AppleVA
0x00000001b005d000 	/System/Library/Frameworks/ApplicationServices.framework/Versions/A/Frameworks/ATS.framework/Versions/A/ATS
0x00000001a8582000 	/System/Library/Frameworks/ApplicationServices.framework/Versions/A/Frameworks/HIServices.framework/Versions/A/HIServices
0x00000001aef75000 	/System/Library/Frameworks/ApplicationServices.framework/Versions/A/Frameworks/PrintCore.framework/Versions/A/PrintCore
0x00000001b03e8000 	/System/Library/Frameworks/ApplicationServices.framework/Versions/A/Frameworks/QD.framework/Versions/A/QD
0x00000001b03e0000 	/System/Library/Frameworks/ApplicationServices.framework/Versions/A/Frameworks/ColorSyncLegacy.framework/Versions/A/ColorSyncLegacy
0x00000001b0049000 	/System/Library/Frameworks/ApplicationServices.framework/Versions/A/Frameworks/SpeechSynthesis.framework/Versions/A/SpeechSynthesis
0x00000001aef36000 	/System/Library/Frameworks/ApplicationServices.framework/Versions/A/Frameworks/ATSUI.framework/Versions/A/ATSUI
0x00000001b0375000 	/usr/lib/libcups.2.dylib
0x00000001b075b000 	/System/Library/Frameworks/Kerberos.framework/Versions/A/Kerberos
0x00000001b076c000 	/System/Library/Frameworks/GSS.framework/Versions/A/GSS
0x00000001b00cc000 	/usr/lib/libresolv.9.dylib
0x00000001ae5b8000 	/System/Library/PrivateFrameworks/Heimdal.framework/Versions/A/Heimdal
0x00000001b7074000 	/System/Library/Frameworks/Kerberos.framework/Versions/A/Libraries/libHeimdalProxy.dylib
0x00000001a91b8000 	/System/Library/Frameworks/Network.framework/Versions/A/Network
0x00000001ae009000 	/usr/lib/libheimdal-asn1.dylib
0x00000001b07b2000 	/System/Library/PrivateFrameworks/CommonAuth.framework/Versions/A/CommonAuth
0x00000001affc3000 	/System/Library/PrivateFrameworks/AudioSession.framework/Versions/A/AudioSession
0x00000001ae09a000 	/System/Library/PrivateFrameworks/MediaExperience.framework/Versions/A/MediaExperience
0x00000001afe4b000 	/System/Library/PrivateFrameworks/AudioSession.framework/libSessionUtility.dylib
0x00000001b03f4000 	/System/Library/PrivateFrameworks/AudioResourceArbitration.framework/Versions/A/AudioResourceArbitration
0x00000001ae012000 	/System/Library/PrivateFrameworks/IconFoundation.framework/Versions/A/IconFoundation
0x00000001b3279000 	/System/Library/PrivateFrameworks/SpeechRecognitionCore.framework/Versions/A/SpeechRecognitionCore
0x00000001005d4000 	/System/Library/CoreServices/Encodings/libCyrillicConverter.dylib
0x00000001014cc000 	/Library/Java/JavaVirtualMachines/jdk-17.jdk/Contents/Home/lib/server/libjvm.dylib
0x00000001005e0000 	/Library/Java/JavaVirtualMachines/jdk-17.jdk/Contents/Home/lib/libjimage.dylib
0x000000010060c000 	/Library/Java/JavaVirtualMachines/jdk-17.jdk/Contents/Home/lib/libinstrument.dylib
0x0000000100658000 	/Library/Java/JavaVirtualMachines/jdk-17.jdk/Contents/Home/lib/libjava.dylib
0x00000001014a4000 	/Library/Java/JavaVirtualMachines/jdk-17.jdk/Contents/Home/lib/libnio.dylib
0x000000011eb94000 	/Library/Java/JavaVirtualMachines/jdk-17.jdk/Contents/Home/lib/libnet.dylib
0x000000010063c000 	/Library/Java/JavaVirtualMachines/jdk-17.jdk/Contents/Home/lib/libzip.dylib
0x000000011ebb8000 	/Library/Java/JavaVirtualMachines/jdk-17.jdk/Contents/Home/lib/libextnet.dylib
0x000000011ebcc000 	/Users/dmitrijpankratov/Desktop/javafx-sdk-17.0.1/lib/libprism_es2.dylib
0x00000001a531f000 	/System/Library/PrivateFrameworks/CoreServicesInternal.framework/Versions/A/CoreServicesInternal
0x0000000203adc000 	/System/Library/Frameworks/OpenGL.framework/Versions/A/Resources/GLEngine.bundle/GLEngine
0x0000000203963000 	/System/Library/Frameworks/OpenGL.framework/Versions/A/Libraries/libGLProgrammability.dylib
0x000000012120c000 	/System/Library/Extensions/AppleMetalOpenGLRenderer.bundle/Contents/MacOS/AppleMetalOpenGLRenderer
0x0000000203c4b000 	/System/Library/Frameworks/OpenGL.framework/Versions/A/Resources/GLRendererFloat.bundle/GLRendererFloat
0x0000000203cec000 	/System/Library/Extensions/AGXMetal13_3.bundle/Contents/MacOS/AGXMetal13_3
0x00000001c236d000 	/System/Library/PrivateFrameworks/GPURawCounter.framework/Versions/A/GPURawCounter
0x00000001bce42000 	/System/Library/PrivateFrameworks/IOGPU.framework/Versions/A/IOGPU
0x0000000121308000 	/Users/dmitrijpankratov/Desktop/javafx-sdk-17.0.1/lib/libglass.dylib
0x00000001b4719000 	/System/Library/Frameworks/FileProvider.framework/Versions/A/FileProvider
0x00000001a8f85000 	/System/Library/Frameworks/Accounts.framework/Versions/A/Accounts
0x00000001b4899000 	/System/Library/PrivateFrameworks/GenerationalStorage.framework/Versions/A/GenerationalStorage
0x00000001b5449000 	/System/Library/PrivateFrameworks/CoreSymbolication.framework/Versions/A/CoreSymbolication
0x00000001b44b9000 	/System/Library/PrivateFrameworks/SymptomDiagnosticReporter.framework/Versions/A/SymptomDiagnosticReporter
0x00000001a6604000 	/System/Library/PrivateFrameworks/DesktopServicesPriv.framework/Versions/A/DesktopServicesPriv
0x00000001a547e000 	/usr/lib/libsandbox.1.dylib
0x00000001a9f9c000 	/System/Library/PrivateFrameworks/UserManagement.framework/Versions/A/UserManagement
0x00000001b540a000 	/System/Library/PrivateFrameworks/DebugSymbols.framework/Versions/A/DebugSymbols
0x00000001b03d3000 	/System/Library/PrivateFrameworks/NetAuth.framework/Versions/A/NetAuth
0x00000001b12d1000 	/System/Library/PrivateFrameworks/Sharing.framework/Versions/A/Sharing
0x00000001a9f6c000 	/System/Library/PrivateFrameworks/login.framework/Versions/A/Frameworks/loginsupport.framework/Versions/A/loginsupport
0x00000001b65ba000 	/System/Library/PrivateFrameworks/Apple80211.framework/Versions/A/Apple80211
0x00000001ad0c3000 	/System/Library/PrivateFrameworks/AuthKit.framework/Versions/A/AuthKit
0x00000001ac75a000 	/System/Library/PrivateFrameworks/CoreUtils.framework/Versions/A/CoreUtils
0x00000001ac67a000 	/System/Library/Frameworks/CoreWLAN.framework/Versions/A/CoreWLAN
0x00000001b143a000 	/System/Library/Frameworks/IOBluetooth.framework/Versions/A/IOBluetooth
0x00000001b661a000 	/System/Library/PrivateFrameworks/CoreWiFi.framework/Versions/A/CoreWiFi
0x00000001b4ff1000 	/System/Library/PrivateFrameworks/FrontBoardServices.framework/Versions/A/FrontBoardServices
0x00000001b5089000 	/System/Library/PrivateFrameworks/BoardServices.framework/Versions/A/BoardServices
0x00000001ac975000 	/System/Library/PrivateFrameworks/AssertionServices.framework/Versions/A/AssertionServices
0x00000001b6788000 	/System/Library/PrivateFrameworks/BackBoardServices.framework/Versions/A/BackBoardServices
0x00000001b0845000 	/System/Library/PrivateFrameworks/CorePhoneNumbers.framework/Versions/A/CorePhoneNumbers
0x00000001b45e9000 	/System/Library/PrivateFrameworks/DiskManagement.framework/Versions/A/DiskManagement
0x00000001b44ec000 	/System/Library/PrivateFrameworks/AppleIDAuthSupport.framework/Versions/A/AppleIDAuthSupport
0x000000020787d000 	/System/Library/PrivateFrameworks/AAAFoundation.framework/Versions/A/AAAFoundation
0x00000001b0824000 	/System/Library/PrivateFrameworks/KeychainCircle.framework/Versions/A/KeychainCircle
0x00000001b45b5000 	/System/Library/PrivateFrameworks/MediaKit.framework/Versions/A/MediaKit
0x00000001b44f9000 	/System/Library/Frameworks/DiscRecording.framework/Versions/A/DiscRecording
0x00000001adf1e000 	/usr/lib/libCoreStorage.dylib
0x00000001b6a82000 	/usr/lib/libcsfde.dylib
0x00000001b150f000 	/System/Library/PrivateFrameworks/ProtectedCloudStorage.framework/Versions/A/ProtectedCloudStorage
0x00000001b6a7a000 	/System/Library/PrivateFrameworks/EFILogin.framework/Versions/A/EFILogin
0x00000001b48c0000 	/System/Library/PrivateFrameworks/OctagonTrust.framework/Versions/A/OctagonTrust
0x000000020c164000 	/System/Library/PrivateFrameworks/CoreUtilsExtras.framework/Versions/A/CoreUtilsExtras
0x00000001b442b000 	/System/Library/Frameworks/CoreBluetooth.framework/Versions/A/CoreBluetooth
0x00000001b70f9000 	/System/Library/Frameworks/AudioUnit.framework/Versions/A/AudioUnit
0x00000001adf16000 	/usr/lib/libMatch.1.dylib
0x00000001c65d4000 	/System/Library/Frameworks/Accelerate.framework/Versions/A/Frameworks/vImage.framework/Versions/A/Libraries/libCGInterfaces.dylib
0x0000000122ca0000 	/usr/lib/libobjc-trampolines.dylib
0x00000001a9c6a000 	/System/Library/PrivateFrameworks/ViewBridge.framework/Versions/A/ViewBridge
0x0000000125290000 	/Library/Java/JavaVirtualMachines/jdk-17.jdk/Contents/Home/lib/libverify.dylib
0x00000001252ac000 	/Users/dmitrijpankratov/Desktop/javafx-sdk-17.0.1/lib/libjavafx_font.dylib
0x00000001252c8000 	/Library/Java/JavaVirtualMachines/jdk-17.jdk/Contents/Home/lib/libmanagement.dylib
0x00000001252dc000 	/Library/Java/JavaVirtualMachines/jdk-17.jdk/Contents/Home/lib/libmanagement_ext.dylib
0x00000001ae666000 	/System/Library/PrivateFrameworks/login.framework/Versions/A/login


VM Arguments:
jvm_args: --module-path=/Users/dmitrijpankratov/Desktop/javafx-sdk-17.0.1/lib --add-modules=javafx.controls --add-modules=javafx.fxml --add-modules=javafx.graphics -javaagent:/Applications/IntelliJ IDEA.app/Contents/lib/idea_rt.jar=49327:/Applications/IntelliJ IDEA.app/Contents/bin -Dfile.encoding=UTF-8 
java_command: com.App
java_class_path (initial): /Users/dmitrijpankratov/Desktop/coursework/Client/target/classes:/Users/dmitrijpankratov/Desktop/coursework/Core/target/classes:/Users/dmitrijpankratov/.m2/repository/org/openjfx/javafx-graphics/17-ea+11/javafx-graphics-17-ea+11.jar:/Users/dmitrijpankratov/.m2/repository/org/openjfx/javafx-graphics/17-ea+11/javafx-graphics-17-ea+11-mac-aarch64.jar:/Users/dmitrijpankratov/.m2/repository/org/openjfx/javafx-base/17-ea+11/javafx-base-17-ea+11.jar:/Users/dmitrijpankratov/.m2/repository/org/openjfx/javafx-base/17-ea+11/javafx-base-17-ea+11-mac-aarch64.jar:/Users/dmitrijpankratov/.m2/repository/org/openjfx/javafx-fxml/17-ea+11/javafx-fxml-17-ea+11.jar:/Users/dmitrijpankratov/.m2/repository/org/openjfx/javafx-fxml/17-ea+11/javafx-fxml-17-ea+11-mac-aarch64.jar:/Users/dmitrijpankratov/.m2/repository/org/openjfx/javafx-controls/17-ea+11/javafx-controls-17-ea+11.jar:/Users/dmitrijpankratov/.m2/repository/org/openjfx/javafx-controls/17-ea+11/javafx-controls-17-ea+11-mac-aarch64.jar:/Users/dmitrijpankratov/.m2/repository/log4j/log4j/1.2.17/log4j-1.2.17.jar:/Users/dmitrijpankratov/.m2/repository/org/slf4j/slf4j-log4j12/1.7.30/slf4j-log4j12-1.7.30.jar:/Users/dmitrijpankratov/.m2/repository/org/slf4j/slf4j-api/1.7.30/slf4j-api-1.7.30.jar:/Users/dmitrijpankratov/.m2/repository/org/projectlombok/lombok/1.18.16/lombok-1.18.16.jar:/Users/dmitrijpankratov/.m2/repository/io/netty/netty-all/4.1.68.Final/netty-all-4.1.68.Final.jar:/Users/dmitrijpankratov/.m2/repository/org/json/json/20210307/json-20210307.jar
Launcher Type: SUN_STANDARD

[Global flags]
     intx CICompilerCount                          = 4                                         {product} {ergonomic}
     uint ConcGCThreads                            = 2                                         {product} {ergonomic}
     uint G1ConcRefinementThreads                  = 8                                         {product} {ergonomic}
   size_t G1HeapRegionSize                         = 1048576                                   {product} {ergonomic}
    uintx GCDrainStackTargetSize                   = 64                                        {product} {ergonomic}
   size_t InitialHeapSize                          = 134217728                                 {product} {ergonomic}
   size_t MarkStackSize                            = 4194304                                   {product} {ergonomic}
   size_t MaxHeapSize                              = 2147483648                                {product} {ergonomic}
   size_t MaxNewSize                               = 1287651328                                {product} {ergonomic}
   size_t MinHeapDeltaBytes                        = 1048576                                   {product} {ergonomic}
   size_t MinHeapSize                              = 8388608                                   {product} {ergonomic}
    uintx NonNMethodCodeHeapSize                   = 5839564                                {pd product} {ergonomic}
    uintx NonProfiledCodeHeapSize                  = 122909338                              {pd product} {ergonomic}
    uintx ProfiledCodeHeapSize                     = 122909338                              {pd product} {ergonomic}
    uintx ReservedCodeCacheSize                    = 251658240                              {pd product} {ergonomic}
     bool SegmentedCodeCache                       = true                                      {product} {ergonomic}
   size_t SoftMaxHeapSize                          = 2147483648                             {manageable} {ergonomic}
     bool UseCompressedClassPointers               = true                           {product lp64_product} {ergonomic}
     bool UseCompressedOops                        = true                           {product lp64_product} {ergonomic}
     bool UseG1GC                                  = true                                      {product} {ergonomic}
     bool UseNUMA                                  = false                                     {product} {ergonomic}
     bool UseNUMAInterleaving                      = false                                     {product} {ergonomic}

Logging:
Log output configuration:
 #0: stdout all=warning uptime,level,tags
 #1: stderr all=off uptime,level,tags

Environment Variables:
PATH=/opt/homebrew/bin:/opt/homebrew/sbin:/usr/local/bin:/usr/bin:/bin:/usr/sbin:/sbin:/usr/local/share/dotnet:~/.dotnet/tools:/Library/Apple/usr/bin:/Library/Frameworks/Mono.framework/Versions/Current/Commands
SHELL=/bin/zsh
LC_CTYPE=ru_RU.UTF-8

Signal Handlers:
   SIGSEGV: crash_handler in libjvm.dylib, mask=11100110000111110111111111111111, flags=SA_RESTART|SA_SIGINFO
    SIGBUS: crash_handler in libjvm.dylib, mask=11100110000111110111111111111111, flags=SA_RESTART|SA_SIGINFO
    SIGFPE: crash_handler in libjvm.dylib, mask=11100110000111110111111111111111, flags=SA_RESTART|SA_SIGINFO
   SIGPIPE: javaSignalHandler in libjvm.dylib, mask=11100110000111110111111111111111, flags=SA_RESTART|SA_SIGINFO
   SIGXFSZ: javaSignalHandler in libjvm.dylib, mask=11100110000111110111111111111111, flags=SA_RESTART|SA_SIGINFO
    SIGILL: crash_handler in libjvm.dylib, mask=11100110000111110111111111111111, flags=SA_RESTART|SA_SIGINFO
   SIGUSR2: SR_handler in libjvm.dylib, mask=00100000000000000000000000000000, flags=SA_RESTART|SA_SIGINFO
    SIGHUP: UserHandler in libjvm.dylib, mask=11100110000111110111111111111111, flags=SA_RESTART|SA_SIGINFO
    SIGINT: UserHandler in libjvm.dylib, mask=11100110000111110111111111111111, flags=SA_RESTART|SA_SIGINFO
   SIGTERM: UserHandler in libjvm.dylib, mask=11100110000111110111111111111111, flags=SA_RESTART|SA_SIGINFO
   SIGQUIT: UserHandler in libjvm.dylib, mask=11100110000111110111111111111111, flags=SA_RESTART|SA_SIGINFO
   SIGTRAP: crash_handler in libjvm.dylib, mask=11100110000111110111111111111111, flags=SA_RESTART|SA_SIGINFO


---------------  S Y S T E M  ---------------

OS:
uname: Darwin 21.1.0 Darwin Kernel Version 21.1.0: Wed Oct 13 17:33:24 PDT 2021; root:xnu-8019.41.5~1/RELEASE_ARM64_T8101 arm64
OS uptime: 0 days 0:37 hours
rlimit (soft/hard): STACK 8176k/65520k , CORE 0k/infinity , NPROC 1333/2000 , NOFILE 10240/infinity , AS infinity/infinity , CPU infinity/infinity , DATA infinity/infinity , FSIZE infinity/infinity , MEMLOCK infinity/infinity , RSS infinity/infinity
load average: 1.85 1.72 1.72

CPU: total 8 (initial active 8) 0x61:0x0:0x1b588bb3:0, fp, simd, crc, lse

Memory: 16k page, physical 8388608k(84320k free), swap 0k(0k free)

vm_info: Java HotSpot(TM) 64-Bit Server VM (17+35-LTS-2724) for bsd-aarch64 JRE (17+35-LTS-2724), built on Aug  5 2021 22:28:56 by "mach5one" with clang Apple LLVM 12.0.0 (clang-1200.0.32.29)

END.
